<?xml version="1.0" encoding="UTF-8"?>
<testsuites>
  <testsuite name="" tests="219" assertions="760" failures="0" errors="0" time="12.093423">
    <testsuite name="Icecave\Archer\Configuration\ComposerConfigurationReaderTest" file="/home/travis/build/IcecaveStudios/archer/test/suite/Configuration/ComposerConfigurationReaderTest.php" tests="4" assertions="6" failures="0" errors="0" time="0.073014">
      <testcase name="testConstructor" class="Icecave\Archer\Configuration\ComposerConfigurationReaderTest" file="/home/travis/build/IcecaveStudios/archer/test/suite/Configuration/ComposerConfigurationReaderTest.php" line="18" assertions="1" time="0.020087"/>
      <testcase name="testConstructorDefaults" class="Icecave\Archer\Configuration\ComposerConfigurationReaderTest" file="/home/travis/build/IcecaveStudios/archer/test/suite/Configuration/ComposerConfigurationReaderTest.php" line="23" assertions="1" time="0.008938"/>
      <testcase name="testRead" class="Icecave\Archer\Configuration\ComposerConfigurationReaderTest" file="/home/travis/build/IcecaveStudios/archer/test/suite/Configuration/ComposerConfigurationReaderTest.php" line="33" assertions="2" time="0.029036"/>
      <testcase name="testReadFailureJson" class="Icecave\Archer\Configuration\ComposerConfigurationReaderTest" file="/home/travis/build/IcecaveStudios/archer/test/suite/Configuration/ComposerConfigurationReaderTest.php" line="47" assertions="2" time="0.014953"/>
    </testsuite>
    <testsuite name="Icecave\Archer\Configuration\ConfigurationFileFinderTest" file="/home/travis/build/IcecaveStudios/archer/test/suite/Configuration/ConfigurationFileFinderTest.php" tests="5" assertions="11" failures="0" errors="0" time="0.066271">
      <testcase name="testConstructor" class="Icecave\Archer\Configuration\ConfigurationFileFinderTest" file="/home/travis/build/IcecaveStudios/archer/test/suite/Configuration/ConfigurationFileFinderTest.php" line="17" assertions="1" time="0.007774"/>
      <testcase name="testConstructorDefaults" class="Icecave\Archer\Configuration\ConfigurationFileFinderTest" file="/home/travis/build/IcecaveStudios/archer/test/suite/Configuration/ConfigurationFileFinderTest.php" line="22" assertions="1" time="0.007229"/>
      <testcase name="testFindFirst" class="Icecave\Archer\Configuration\ConfigurationFileFinderTest" file="/home/travis/build/IcecaveStudios/archer/test/suite/Configuration/ConfigurationFileFinderTest.php" line="32" assertions="3" time="0.014994"/>
      <testcase name="testFindLast" class="Icecave\Archer\Configuration\ConfigurationFileFinderTest" file="/home/travis/build/IcecaveStudios/archer/test/suite/Configuration/ConfigurationFileFinderTest.php" line="48" assertions="3" time="0.017993"/>
      <testcase name="testFindDefault" class="Icecave\Archer\Configuration\ConfigurationFileFinderTest" file="/home/travis/build/IcecaveStudios/archer/test/suite/Configuration/ConfigurationFileFinderTest.php" line="67" assertions="3" time="0.018281"/>
    </testsuite>
    <testsuite name="Icecave\Archer\Configuration\PHPConfigurationReaderTest" file="/home/travis/build/IcecaveStudios/archer/test/suite/Configuration/PHPConfigurationReaderTest.php" tests="5" assertions="16" failures="0" errors="0" time="0.105472">
      <testcase name="testConstructor" class="Icecave\Archer\Configuration\PHPConfigurationReaderTest" file="/home/travis/build/IcecaveStudios/archer/test/suite/Configuration/PHPConfigurationReaderTest.php" line="21" assertions="1" time="0.013750"/>
      <testcase name="testConstructorDefaults" class="Icecave\Archer\Configuration\PHPConfigurationReaderTest" file="/home/travis/build/IcecaveStudios/archer/test/suite/Configuration/PHPConfigurationReaderTest.php" line="26" assertions="1" time="0.008091"/>
      <testcase name="testReadSingle" class="Icecave\Archer\Configuration\PHPConfigurationReaderTest" file="/home/travis/build/IcecaveStudios/archer/test/suite/Configuration/PHPConfigurationReaderTest.php" line="36" assertions="5" time="0.028600"/>
      <testcase name="testReadMultiple" class="Icecave\Archer\Configuration\PHPConfigurationReaderTest" file="/home/travis/build/IcecaveStudios/archer/test/suite/Configuration/PHPConfigurationReaderTest.php" line="60" assertions="5" time="0.031909"/>
      <testcase name="testReadNone" class="Icecave\Archer\Configuration\PHPConfigurationReaderTest" file="/home/travis/build/IcecaveStudios/archer/test/suite/Configuration/PHPConfigurationReaderTest.php" line="83" assertions="4" time="0.023122"/>
    </testsuite>
    <testsuite name="Icecave\Archer\Console\ApplicationTest" file="/home/travis/build/IcecaveStudios/archer/test/suite/Console/ApplicationTest.php" tests="8" assertions="15" failures="0" errors="0" time="1.110670">
      <testcase name="testConstructor" class="Icecave\Archer\Console\ApplicationTest" file="/home/travis/build/IcecaveStudios/archer/test/suite/Console/ApplicationTest.php" line="29" assertions="4" time="0.187733"/>
      <testcase name="testConstructorDefaults" class="Icecave\Archer\Console\ApplicationTest" file="/home/travis/build/IcecaveStudios/archer/test/suite/Console/ApplicationTest.php" line="38" assertions="1" time="0.134971"/>
      <testcase name="testEnabledCommands" class="Icecave\Archer\Console\ApplicationTest" file="/home/travis/build/IcecaveStudios/archer/test/suite/Console/ApplicationTest.php" line="50" assertions="1" time="0.087705"/>
      <testcase name="testEnabledCommandsArcher" class="Icecave\Archer\Console\ApplicationTest" file="/home/travis/build/IcecaveStudios/archer/test/suite/Console/ApplicationTest.php" line="64" assertions="3" time="0.154003"/>
      <testcase name="testEnabledCommandsTravis" class="Icecave\Archer\Console\ApplicationTest" file="/home/travis/build/IcecaveStudios/archer/test/suite/Console/ApplicationTest.php" line="94" assertions="1" time="0.139184"/>
      <testcase name="testDoRun" class="Icecave\Archer\Console\ApplicationTest" file="/home/travis/build/IcecaveStudios/archer/test/suite/Console/ApplicationTest.php" line="114" assertions="3" time="0.237407"/>
      <testcase name="testRawArguments" class="Icecave\Archer\Console\ApplicationTest" file="/home/travis/build/IcecaveStudios/archer/test/suite/Console/ApplicationTest.php" line="143" assertions="1" time="0.085157"/>
      <testcase name="testDefaultCommandName" class="Icecave\Archer\Console\ApplicationTest" file="/home/travis/build/IcecaveStudios/archer/test/suite/Console/ApplicationTest.php" line="155" assertions="1" time="0.084510"/>
    </testsuite>
    <testsuite name="Icecave\Archer\Console\Command\AbstractPHPUnitCommandTest" file="/home/travis/build/IcecaveStudios/archer/test/suite/Console/Command/AbstractPHPUnitCommandTest.php" tests="4" assertions="19" failures="0" errors="0" time="0.235483">
      <testcase name="testConstructor" class="Icecave\Archer\Console\Command\AbstractPHPUnitCommandTest" file="/home/travis/build/IcecaveStudios/archer/test/suite/Console/Command/AbstractPHPUnitCommandTest.php" line="67" assertions="7" time="0.105736"/>
      <testcase name="testConstructorDefaults" class="Icecave\Archer\Console\Command\AbstractPHPUnitCommandTest" file="/home/travis/build/IcecaveStudios/archer/test/suite/Console/Command/AbstractPHPUnitCommandTest.php" line="79" assertions="6" time="0.042799"/>
      <testcase name="testGetHelp" class="Icecave\Archer\Console\Command\AbstractPHPUnitCommandTest" file="/home/travis/build/IcecaveStudios/archer/test/suite/Console/Command/AbstractPHPUnitCommandTest.php" line="118" assertions="5" time="0.052174"/>
      <testcase name="testGenerateArgumentsFiltering" class="Icecave\Archer\Console\Command\AbstractPHPUnitCommandTest" file="/home/travis/build/IcecaveStudios/archer/test/suite/Console/Command/AbstractPHPUnitCommandTest.php" line="147" assertions="1" time="0.034774"/>
    </testsuite>
    <testsuite name="Icecave\Archer\Console\Command\CoverageCommandTest" file="/home/travis/build/IcecaveStudios/archer/test/suite/Console/Command/CoverageCommandTest.php" tests="6" assertions="47" failures="0" errors="0" time="0.548718">
      <testcase name="testConstructor" class="Icecave\Archer\Console\Command\CoverageCommandTest" file="/home/travis/build/IcecaveStudios/archer/test/suite/Console/Command/CoverageCommandTest.php" line="150" assertions="8" time="0.104681"/>
      <testcase name="testConstructorDefaults" class="Icecave\Archer\Console\Command\CoverageCommandTest" file="/home/travis/build/IcecaveStudios/archer/test/suite/Console/Command/CoverageCommandTest.php" line="163" assertions="7" time="0.053571"/>
      <testcase name="testConfigure" class="Icecave\Archer\Console\Command\CoverageCommandTest" file="/home/travis/build/IcecaveStudios/archer/test/suite/Console/Command/CoverageCommandTest.php" line="206" assertions="3" time="0.083392"/>
      <testcase name="testExecute" class="Icecave\Archer\Console\Command\CoverageCommandTest" file="/home/travis/build/IcecaveStudios/archer/test/suite/Console/Command/CoverageCommandTest.php" line="236" assertions="14" time="0.118216"/>
      <testcase name="testExecuteWithOpen" class="Icecave\Archer\Console\Command\CoverageCommandTest" file="/home/travis/build/IcecaveStudios/archer/test/suite/Console/Command/CoverageCommandTest.php" line="302" assertions="14" time="0.130698"/>
      <testcase name="testGenerateArgumentsFiltering" class="Icecave\Archer\Console\Command\CoverageCommandTest" file="/home/travis/build/IcecaveStudios/archer/test/suite/Console/Command/CoverageCommandTest.php" line="382" assertions="1" time="0.058160"/>
    </testsuite>
    <testsuite name="Icecave\Archer\Console\Command\DocumentationCommandTest" file="/home/travis/build/IcecaveStudios/archer/test/suite/Console/Command/DocumentationCommandTest.php" tests="5" assertions="16" failures="0" errors="0" time="0.148350">
      <testcase name="testConstructor" class="Icecave\Archer\Console\Command\DocumentationCommandTest" file="/home/travis/build/IcecaveStudios/archer/test/suite/Console/Command/DocumentationCommandTest.php" line="32" assertions="2" time="0.021823"/>
      <testcase name="testConstructorDefaults" class="Icecave\Archer\Console\Command\DocumentationCommandTest" file="/home/travis/build/IcecaveStudios/archer/test/suite/Console/Command/DocumentationCommandTest.php" line="38" assertions="2" time="0.014466"/>
      <testcase name="testConfigure" class="Icecave\Archer\Console\Command\DocumentationCommandTest" file="/home/travis/build/IcecaveStudios/archer/test/suite/Console/Command/DocumentationCommandTest.php" line="52" assertions="3" time="0.036038"/>
      <testcase name="testExecute" class="Icecave\Archer\Console\Command\DocumentationCommandTest" file="/home/travis/build/IcecaveStudios/archer/test/suite/Console/Command/DocumentationCommandTest.php" line="72" assertions="4" time="0.034127"/>
      <testcase name="testExecuteWithOpen" class="Icecave\Archer\Console\Command\DocumentationCommandTest" file="/home/travis/build/IcecaveStudios/archer/test/suite/Console/Command/DocumentationCommandTest.php" line="87" assertions="5" time="0.041896"/>
    </testsuite>
    <testsuite name="Icecave\Archer\Console\Command\TestCommandTest" file="/home/travis/build/IcecaveStudios/archer/test/suite/Console/Command/TestCommandTest.php" tests="2" assertions="16" failures="0" errors="0" time="0.223319">
      <testcase name="testConfigure" class="Icecave\Archer\Console\Command\TestCommandTest" file="/home/travis/build/IcecaveStudios/archer/test/suite/Console/Command/TestCommandTest.php" line="145" assertions="3" time="0.092806"/>
      <testcase name="testExecute" class="Icecave\Archer\Console\Command\TestCommandTest" file="/home/travis/build/IcecaveStudios/archer/test/suite/Console/Command/TestCommandTest.php" line="165" assertions="13" time="0.130513"/>
    </testsuite>
    <testsuite name="Icecave\Archer\Console\Command\Travis\AbstractTravisCommandTest" file="/home/travis/build/IcecaveStudios/archer/test/suite/Console/Command/Travis/AbstractTravisCommandTest.php" tests="1" assertions="2" failures="0" errors="0" time="0.040461">
      <testcase name="testIsEnabled" class="Icecave\Archer\Console\Command\Travis\AbstractTravisCommandTest" file="/home/travis/build/IcecaveStudios/archer/test/suite/Console/Command/Travis/AbstractTravisCommandTest.php" line="18" assertions="2" time="0.040461"/>
    </testsuite>
    <testsuite name="Icecave\Archer\Console\Command\Travis\BuildCommandTest" file="/home/travis/build/IcecaveStudios/archer/test/suite/Console/Command/Travis/BuildCommandTest.php" tests="15" assertions="104" failures="0" errors="0" time="2.389529">
      <testcase name="testConstructor" class="Icecave\Archer\Console\Command\Travis\BuildCommandTest" file="/home/travis/build/IcecaveStudios/archer/test/suite/Console/Command/Travis/BuildCommandTest.php" line="64" assertions="2" time="0.077285"/>
      <testcase name="testConstructorDefaults" class="Icecave\Archer\Console\Command\Travis\BuildCommandTest" file="/home/travis/build/IcecaveStudios/archer/test/suite/Console/Command/Travis/BuildCommandTest.php" line="70" assertions="2" time="0.076194"/>
      <testcase name="testExecute" class="Icecave\Archer\Console\Command\Travis\BuildCommandTest" file="/home/travis/build/IcecaveStudios/archer/test/suite/Console/Command/Travis/BuildCommandTest.php" line="85" assertions="3" time="0.112071"/>
      <testcase name="testExecuteWithPublishVersionButWrongBranch" class="Icecave\Archer\Console\Command\Travis\BuildCommandTest" file="/home/travis/build/IcecaveStudios/archer/test/suite/Console/Command/Travis/BuildCommandTest.php" line="104" assertions="4" time="0.128694"/>
      <testcase name="testExecuteWithPublishVersionButNoToken" class="Icecave\Archer\Console\Command\Travis\BuildCommandTest" file="/home/travis/build/IcecaveStudios/archer/test/suite/Console/Command/Travis/BuildCommandTest.php" line="134" assertions="3" time="0.120631"/>
      <testcase name="testExecuteWithPublishVersionButIsPullRequest" class="Icecave\Archer\Console\Command\Travis\BuildCommandTest" file="/home/travis/build/IcecaveStudios/archer/test/suite/Console/Command/Travis/BuildCommandTest.php" line="161" assertions="3" time="0.118433"/>
      <testcase name="testExecuteWithPublish" class="Icecave\Archer\Console\Command\Travis\BuildCommandTest" file="/home/travis/build/IcecaveStudios/archer/test/suite/Console/Command/Travis/BuildCommandTest.php" line="188" assertions="9" time="0.173265"/>
      <testcase name="testExecuteWithPublishAndNoSource" class="Icecave\Archer\Console\Command\Travis\BuildCommandTest" file="/home/travis/build/IcecaveStudios/archer/test/suite/Console/Command/Travis/BuildCommandTest.php" line="248" assertions="2" time="0.132630"/>
      <testcase name="testExecuteWithPublishErrorCode" class="Icecave\Archer\Console\Command\Travis\BuildCommandTest" file="/home/travis/build/IcecaveStudios/archer/test/suite/Console/Command/Travis/BuildCommandTest.php" line="303" assertions="9" time="0.179067"/>
      <testcase name="testExecuteWithPublishAndCoveralls" class="Icecave\Archer\Console\Command\Travis\BuildCommandTest" file="/home/travis/build/IcecaveStudios/archer/test/suite/Console/Command/Travis/BuildCommandTest.php" line="363" assertions="14" time="0.247657"/>
      <testcase name="testExecuteWithAlwaysPublishFlag" class="Icecave\Archer\Console\Command\Travis\BuildCommandTest" file="/home/travis/build/IcecaveStudios/archer/test/suite/Console/Command/Travis/BuildCommandTest.php" line="435" assertions="13" time="0.239839"/>
      <testcase name="testExecuteWithPublishAndTestFailure" class="Icecave\Archer\Console\Command\Travis\BuildCommandTest" file="/home/travis/build/IcecaveStudios/archer/test/suite/Console/Command/Travis/BuildCommandTest.php" line="509" assertions="9" time="0.177740"/>
      <testcase name="testExecuteWithPublishAndDocumentationFailure" class="Icecave\Archer\Console\Command\Travis\BuildCommandTest" file="/home/travis/build/IcecaveStudios/archer/test/suite/Console/Command/Travis/BuildCommandTest.php" line="569" assertions="9" time="0.178260"/>
      <testcase name="testExecuteWithPublishAndCoverallsPublishFailure" class="Icecave\Archer\Console\Command\Travis\BuildCommandTest" file="/home/travis/build/IcecaveStudios/archer/test/suite/Console/Command/Travis/BuildCommandTest.php" line="629" assertions="13" time="0.243367"/>
      <testcase name="testExecuteWithCoverallsButNoPublish" class="Icecave\Archer\Console\Command\Travis\BuildCommandTest" file="/home/travis/build/IcecaveStudios/archer/test/suite/Console/Command/Travis/BuildCommandTest.php" line="700" assertions="9" time="0.184396"/>
    </testsuite>
    <testsuite name="Icecave\Archer\Console\Command\UpdateCommandTest" file="/home/travis/build/IcecaveStudios/archer/test/suite/Console/Command/UpdateCommandTest.php" tests="18" assertions="137" failures="0" errors="0" time="2.759689">
      <testcase name="testConstructor" class="Icecave\Archer\Console\Command\UpdateCommandTest" file="/home/travis/build/IcecaveStudios/archer/test/suite/Console/Command/UpdateCommandTest.php" line="98" assertions="5" time="0.128056"/>
      <testcase name="testConstructorDefaults" class="Icecave\Archer\Console\Command\UpdateCommandTest" file="/home/travis/build/IcecaveStudios/archer/test/suite/Console/Command/UpdateCommandTest.php" line="107" assertions="5" time="0.099666"/>
      <testcase name="testExecute" class="Icecave\Archer\Console\Command\UpdateCommandTest" file="/home/travis/build/IcecaveStudios/archer/test/suite/Console/Command/UpdateCommandTest.php" line="133" assertions="10" time="0.158647"/>
      <testcase name="testExecuteWithNonGitHubRepository" class="Icecave\Archer\Console\Command\UpdateCommandTest" file="/home/travis/build/IcecaveStudios/archer/test/suite/Console/Command/UpdateCommandTest.php" line="154" assertions="5" time="0.112404"/>
      <testcase name="testExecuteWithoutArtifactSupport" class="Icecave\Archer\Console\Command\UpdateCommandTest" file="/home/travis/build/IcecaveStudios/archer/test/suite/Console/Command/UpdateCommandTest.php" line="174" assertions="4" time="0.138058"/>
      <testcase name="testExecuteWithAuthorizeExistingToken" class="Icecave\Archer\Console\Command\UpdateCommandTest" file="/home/travis/build/IcecaveStudios/archer/test/suite/Console/Command/UpdateCommandTest.php" line="193" assertions="17" time="0.249703"/>
      <testcase name="testExecuteWithAuthorizeNewToken" class="Icecave\Archer\Console\Command\UpdateCommandTest" file="/home/travis/build/IcecaveStudios/archer/test/suite/Console/Command/UpdateCommandTest.php" line="236" assertions="19" time="0.249710"/>
      <testcase name="testExecuteWithAuthorizeInteractiveCredentials" class="Icecave\Archer\Console\Command\UpdateCommandTest" file="/home/travis/build/IcecaveStudios/archer/test/suite/Console/Command/UpdateCommandTest.php" line="296" assertions="17" time="0.239704"/>
      <testcase name="testExecuteWithAuthorizeFailureMultipleAuthorizations" class="Icecave\Archer\Console\Command\UpdateCommandTest" file="/home/travis/build/IcecaveStudios/archer/test/suite/Console/Command/UpdateCommandTest.php" line="347" assertions="2" time="0.112940"/>
      <testcase name="testExecuteWithAuthorizeFailureIncorrectScope" class="Icecave\Archer\Console\Command\UpdateCommandTest" file="/home/travis/build/IcecaveStudios/archer/test/suite/Console/Command/UpdateCommandTest.php" line="366" assertions="2" time="0.112695"/>
      <testcase name="testExecuteWithAuthorizeFailureParseError" class="Icecave\Archer\Console\Command\UpdateCommandTest" file="/home/travis/build/IcecaveStudios/archer/test/suite/Console/Command/UpdateCommandTest.php" line="382" assertions="2" time="0.115202"/>
      <testcase name="testExecuteWithAuthorizeFailureWoodhouseError" class="Icecave\Archer\Console\Command\UpdateCommandTest" file="/home/travis/build/IcecaveStudios/archer/test/suite/Console/Command/UpdateCommandTest.php" line="398" assertions="2" time="0.115085"/>
      <testcase name="testExecuteWithSuppliedToken" class="Icecave\Archer\Console\Command\UpdateCommandTest" file="/home/travis/build/IcecaveStudios/archer/test/suite/Console/Command/UpdateCommandTest.php" line="414" assertions="15" time="0.206730"/>
      <testcase name="testExecuteWithSuppliedTokenAndExistingKey" class="Icecave\Archer\Console\Command\UpdateCommandTest" file="/home/travis/build/IcecaveStudios/archer/test/suite/Console/Command/UpdateCommandTest.php" line="439" assertions="12" time="0.181677"/>
      <testcase name="testExecuteWithUpdatePublicKey" class="Icecave\Archer\Console\Command\UpdateCommandTest" file="/home/travis/build/IcecaveStudios/archer/test/suite/Console/Command/UpdateCommandTest.php" line="465" assertions="12" time="0.189204"/>
      <testcase name="testExecuteFailureUnsyncedRepo" class="Icecave\Archer\Console\Command\UpdateCommandTest" file="/home/travis/build/IcecaveStudios/archer/test/suite/Console/Command/UpdateCommandTest.php" line="487" assertions="2" time="0.114116"/>
      <testcase name="testExecuteWithInvalidToken" class="Icecave\Archer\Console\Command\UpdateCommandTest" file="/home/travis/build/IcecaveStudios/archer/test/suite/Console/Command/UpdateCommandTest.php" line="502" assertions="3" time="0.118356"/>
      <testcase name="testExecuteWithUpdatePublicKeyAndNoToken" class="Icecave\Archer\Console\Command\UpdateCommandTest" file="/home/travis/build/IcecaveStudios/archer/test/suite/Console/Command/UpdateCommandTest.php" line="516" assertions="3" time="0.117736"/>
    </testsuite>
    <testsuite name="Icecave\Archer\Console\Helper\HiddenInputHelperTest" file="/home/travis/build/IcecaveStudios/archer/test/suite/Console/Helper/HiddenInputHelperTest.php" tests="7" assertions="29" failures="0" errors="0" time="0.272120">
      <testcase name="testConstructor" class="Icecave\Archer\Console\Helper\HiddenInputHelperTest" file="/home/travis/build/IcecaveStudios/archer/test/suite/Console/Helper/HiddenInputHelperTest.php" line="34" assertions="2" time="0.011733"/>
      <testcase name="testConstructorDefaults" class="Icecave\Archer\Console\Helper\HiddenInputHelperTest" file="/home/travis/build/IcecaveStudios/archer/test/suite/Console/Helper/HiddenInputHelperTest.php" line="40" assertions="2" time="0.011537"/>
      <testcase name="testAskHiddenResponseStty" class="Icecave\Archer\Console\Helper\HiddenInputHelperTest" file="/home/travis/build/IcecaveStudios/archer/test/suite/Console/Helper/HiddenInputHelperTest.php" line="53" assertions="8" time="0.072271"/>
      <testcase name="testAskHiddenResponseSttyFailureFgets" class="Icecave\Archer\Console\Helper\HiddenInputHelperTest" file="/home/travis/build/IcecaveStudios/archer/test/suite/Console/Helper/HiddenInputHelperTest.php" line="82" assertions="7" time="0.079450"/>
      <testcase name="testAskHiddenResponseSttyFailureExecute" class="Icecave\Archer\Console\Helper\HiddenInputHelperTest" file="/home/travis/build/IcecaveStudios/archer/test/suite/Console/Helper/HiddenInputHelperTest.php" line="116" assertions="2" time="0.018965"/>
      <testcase name="testAskHiddenResponseWindows" class="Icecave\Archer\Console\Helper\HiddenInputHelperTest" file="/home/travis/build/IcecaveStudios/archer/test/suite/Console/Helper/HiddenInputHelperTest.php" line="134" assertions="6" time="0.053798"/>
      <testcase name="testAskHiddenResponseWindowsFailureExecute" class="Icecave\Archer\Console\Helper\HiddenInputHelperTest" file="/home/travis/build/IcecaveStudios/archer/test/suite/Console/Helper/HiddenInputHelperTest.php" line="156" assertions="2" time="0.024366"/>
    </testsuite>
    <testsuite name="Icecave\Archer\Coveralls\CoverallsClientTest" file="/home/travis/build/IcecaveStudios/archer/test/suite/Coveralls/CoverallsClientTest.php" tests="3" assertions="6" failures="0" errors="0" time="0.060968">
      <testcase name="testExists" class="Icecave\Archer\Coveralls\CoverallsClientTest" file="/home/travis/build/IcecaveStudios/archer/test/suite/Coveralls/CoverallsClientTest.php" line="23" assertions="2" time="0.020971"/>
      <testcase name="testExistsFailureHttpError" class="Icecave\Archer\Coveralls\CoverallsClientTest" file="/home/travis/build/IcecaveStudios/archer/test/suite/Coveralls/CoverallsClientTest.php" line="34" assertions="2" time="0.017862"/>
      <testcase name="testExistsFailureJsonError" class="Icecave\Archer\Coveralls\CoverallsClientTest" file="/home/travis/build/IcecaveStudios/archer/test/suite/Coveralls/CoverallsClientTest.php" line="45" assertions="2" time="0.022135"/>
    </testsuite>
    <testsuite name="Icecave\Archer\Documentation\DocumentationGeneratorTest" file="/home/travis/build/IcecaveStudios/archer/test/suite/Documentation/DocumentationGeneratorTest.php" tests="17" assertions="31" failures="0" errors="0" time="0.959861">
      <testcase name="testConstructor" class="Icecave\Archer\Documentation\DocumentationGeneratorTest" file="/home/travis/build/IcecaveStudios/archer/test/suite/Documentation/DocumentationGeneratorTest.php" line="54" assertions="2" time="0.071297"/>
      <testcase name="testConstructorDefaults" class="Icecave\Archer\Documentation\DocumentationGeneratorTest" file="/home/travis/build/IcecaveStudios/archer/test/suite/Documentation/DocumentationGeneratorTest.php" line="63" assertions="2" time="0.023627"/>
      <testcase name="testGenerate" class="Icecave\Archer\Documentation\DocumentationGeneratorTest" file="/home/travis/build/IcecaveStudios/archer/test/suite/Documentation/DocumentationGeneratorTest.php" line="77" assertions="4" time="0.093121"/>
      <testcase name="testGenerateDefaultPath" class="Icecave\Archer\Documentation\DocumentationGeneratorTest" file="/home/travis/build/IcecaveStudios/archer/test/suite/Documentation/DocumentationGeneratorTest.php" line="111" assertions="4" time="0.092999"/>
      <testcase name="testGenerateBuildDirNonExistant" class="Icecave\Archer\Documentation\DocumentationGeneratorTest" file="/home/travis/build/IcecaveStudios/archer/test/suite/Documentation/DocumentationGeneratorTest.php" line="145" assertions="4" time="0.088446"/>
      <testcase name="testSourcePath" class="Icecave\Archer\Documentation\DocumentationGeneratorTest" file="/home/travis/build/IcecaveStudios/archer/test/suite/Documentation/DocumentationGeneratorTest.php" line="179" assertions="1" time="0.030871"/>
      <testcase name="testProjectNameWithSingleNamespace" class="Icecave\Archer\Documentation\DocumentationGeneratorTest" file="/home/travis/build/IcecaveStudios/archer/test/suite/Documentation/DocumentationGeneratorTest.php" line="187" assertions="1" time="0.026096"/>
      <testcase name="testProjectNameFallback" class="Icecave\Archer\Documentation\DocumentationGeneratorTest" file="/home/travis/build/IcecaveStudios/archer/test/suite/Documentation/DocumentationGeneratorTest.php" line="200" assertions="1" time="0.026502"/>
      <testcase name="testOpenedLevelWithSingleNamespace" class="Icecave\Archer\Documentation\DocumentationGeneratorTest" file="/home/travis/build/IcecaveStudios/archer/test/suite/Documentation/DocumentationGeneratorTest.php" line="213" assertions="1" time="0.026738"/>
      <testcase name="testOpenedLevelFallback" class="Icecave\Archer\Documentation\DocumentationGeneratorTest" file="/home/travis/build/IcecaveStudios/archer/test/suite/Documentation/DocumentationGeneratorTest.php" line="226" assertions="1" time="0.026021"/>
      <testcase name="testOpenedLevelFallbackNoEntries" class="Icecave\Archer\Documentation\DocumentationGeneratorTest" file="/home/travis/build/IcecaveStudios/archer/test/suite/Documentation/DocumentationGeneratorTest.php" line="239" assertions="1" time="0.026273"/>
      <testcase name="testOpenedLevelFallbackNamespaceTooShort" class="Icecave\Archer\Documentation\DocumentationGeneratorTest" file="/home/travis/build/IcecaveStudios/archer/test/suite/Documentation/DocumentationGeneratorTest.php" line="252" assertions="1" time="0.048165"/>
      <testcase name="testProjectNameFailureUndefined" class="Icecave\Archer\Documentation\DocumentationGeneratorTest" file="/home/travis/build/IcecaveStudios/archer/test/suite/Documentation/DocumentationGeneratorTest.php" line="265" assertions="1" time="0.026622"/>
      <testcase name="testCreateFinder" class="Icecave\Archer\Documentation\DocumentationGeneratorTest" file="/home/travis/build/IcecaveStudios/archer/test/suite/Documentation/DocumentationGeneratorTest.php" line="273" assertions="1" time="0.144083"/>
      <testcase name="testCreateSami" class="Icecave\Archer\Documentation\DocumentationGeneratorTest" file="/home/travis/build/IcecaveStudios/archer/test/suite/Documentation/DocumentationGeneratorTest.php" line="281" assertions="1" time="0.097382"/>
      <testcase name="testPopErrorHandlers" class="Icecave\Archer\Documentation\DocumentationGeneratorTest" file="/home/travis/build/IcecaveStudios/archer/test/suite/Documentation/DocumentationGeneratorTest.php" line="290" assertions="3" time="0.072306"/>
      <testcase name="testPushErrorHandlers" class="Icecave\Archer\Documentation\DocumentationGeneratorTest" file="/home/travis/build/IcecaveStudios/archer/test/suite/Documentation/DocumentationGeneratorTest.php" line="323" assertions="2" time="0.039312"/>
    </testsuite>
    <testsuite name="Icecave\Archer\FileSystem\Exception\ReadExceptionTest" file="/home/travis/build/IcecaveStudios/archer/test/suite/FileSystem/Exception/ReadExceptionTest.php" tests="1" assertions="4" failures="0" errors="0" time="0.007857">
      <testcase name="testException" class="Icecave\Archer\FileSystem\Exception\ReadExceptionTest" file="/home/travis/build/IcecaveStudios/archer/test/suite/FileSystem/Exception/ReadExceptionTest.php" line="9" assertions="4" time="0.007857"/>
    </testsuite>
    <testsuite name="Icecave\Archer\FileSystem\Exception\WriteExceptionTest" file="/home/travis/build/IcecaveStudios/archer/test/suite/FileSystem/Exception/WriteExceptionTest.php" tests="1" assertions="4" failures="0" errors="0" time="0.008437">
      <testcase name="testException" class="Icecave\Archer\FileSystem\Exception\WriteExceptionTest" file="/home/travis/build/IcecaveStudios/archer/test/suite/FileSystem/Exception/WriteExceptionTest.php" line="9" assertions="4" time="0.008437"/>
    </testsuite>
    <testsuite name="Icecave\Archer\FileSystem\FileSystemTest" file="/home/travis/build/IcecaveStudios/archer/test/suite/FileSystem/FileSystemTest.php" tests="30" assertions="68" failures="0" errors="0" time="0.724070">
      <testcase name="testExists" class="Icecave\Archer\FileSystem\FileSystemTest" file="/home/travis/build/IcecaveStudios/archer/test/suite/FileSystem/FileSystemTest.php" line="17" assertions="4" time="0.024238"/>
      <testcase name="testExistsFailure" class="Icecave\Archer\FileSystem\FileSystemTest" file="/home/travis/build/IcecaveStudios/archer/test/suite/FileSystem/FileSystemTest.php" line="33" assertions="1" time="0.012981"/>
      <testcase name="testFileExists" class="Icecave\Archer\FileSystem\FileSystemTest" file="/home/travis/build/IcecaveStudios/archer/test/suite/FileSystem/FileSystemTest.php" line="46" assertions="4" time="0.024083"/>
      <testcase name="testFileExistsFailure" class="Icecave\Archer\FileSystem\FileSystemTest" file="/home/travis/build/IcecaveStudios/archer/test/suite/FileSystem/FileSystemTest.php" line="62" assertions="1" time="0.012521"/>
      <testcase name="testDirectoryExists" class="Icecave\Archer\FileSystem\FileSystemTest" file="/home/travis/build/IcecaveStudios/archer/test/suite/FileSystem/FileSystemTest.php" line="75" assertions="4" time="0.024159"/>
      <testcase name="testDirectoryExistsFailure" class="Icecave\Archer\FileSystem\FileSystemTest" file="/home/travis/build/IcecaveStudios/archer/test/suite/FileSystem/FileSystemTest.php" line="91" assertions="1" time="0.012969"/>
      <testcase name="testRead" class="Icecave\Archer\FileSystem\FileSystemTest" file="/home/travis/build/IcecaveStudios/archer/test/suite/FileSystem/FileSystemTest.php" line="104" assertions="2" time="0.014011"/>
      <testcase name="testReadFailure" class="Icecave\Archer\FileSystem\FileSystemTest" file="/home/travis/build/IcecaveStudios/archer/test/suite/FileSystem/FileSystemTest.php" line="115" assertions="1" time="0.012677"/>
      <testcase name="testListPaths" class="Icecave\Archer\FileSystem\FileSystemTest" file="/home/travis/build/IcecaveStudios/archer/test/suite/FileSystem/FileSystemTest.php" line="128" assertions="2" time="0.014369"/>
      <testcase name="testListPathsFailure" class="Icecave\Archer\FileSystem\FileSystemTest" file="/home/travis/build/IcecaveStudios/archer/test/suite/FileSystem/FileSystemTest.php" line="139" assertions="1" time="0.012612"/>
      <testcase name="testWrite" class="Icecave\Archer\FileSystem\FileSystemTest" file="/home/travis/build/IcecaveStudios/archer/test/suite/FileSystem/FileSystemTest.php" line="152" assertions="4" time="0.038270"/>
      <testcase name="testWriteCreateParentDirectory" class="Icecave\Archer\FileSystem\FileSystemTest" file="/home/travis/build/IcecaveStudios/archer/test/suite/FileSystem/FileSystemTest.php" line="172" assertions="4" time="0.045887"/>
      <testcase name="testWriteFailure" class="Icecave\Archer\FileSystem\FileSystemTest" file="/home/travis/build/IcecaveStudios/archer/test/suite/FileSystem/FileSystemTest.php" line="192" assertions="1" time="0.018275"/>
      <testcase name="testWriteFailureDirname" class="Icecave\Archer\FileSystem\FileSystemTest" file="/home/travis/build/IcecaveStudios/archer/test/suite/FileSystem/FileSystemTest.php" line="213" assertions="1" time="0.012471"/>
      <testcase name="testCopy" class="Icecave\Archer\FileSystem\FileSystemTest" file="/home/travis/build/IcecaveStudios/archer/test/suite/FileSystem/FileSystemTest.php" line="226" assertions="4" time="0.038115"/>
      <testcase name="testCopyCreateParentDirectory" class="Icecave\Archer\FileSystem\FileSystemTest" file="/home/travis/build/IcecaveStudios/archer/test/suite/FileSystem/FileSystemTest.php" line="246" assertions="4" time="0.045846"/>
      <testcase name="testCopyFailure" class="Icecave\Archer\FileSystem\FileSystemTest" file="/home/travis/build/IcecaveStudios/archer/test/suite/FileSystem/FileSystemTest.php" line="266" assertions="1" time="0.018397"/>
      <testcase name="testCopyFailureDirname" class="Icecave\Archer\FileSystem\FileSystemTest" file="/home/travis/build/IcecaveStudios/archer/test/suite/FileSystem/FileSystemTest.php" line="287" assertions="1" time="0.012486"/>
      <testcase name="testMove" class="Icecave\Archer\FileSystem\FileSystemTest" file="/home/travis/build/IcecaveStudios/archer/test/suite/FileSystem/FileSystemTest.php" line="300" assertions="4" time="0.038249"/>
      <testcase name="testMoveCreateParentDirectory" class="Icecave\Archer\FileSystem\FileSystemTest" file="/home/travis/build/IcecaveStudios/archer/test/suite/FileSystem/FileSystemTest.php" line="320" assertions="4" time="0.045524"/>
      <testcase name="testMoveFailure" class="Icecave\Archer\FileSystem\FileSystemTest" file="/home/travis/build/IcecaveStudios/archer/test/suite/FileSystem/FileSystemTest.php" line="340" assertions="1" time="0.018317"/>
      <testcase name="testMoveFailureDirname" class="Icecave\Archer\FileSystem\FileSystemTest" file="/home/travis/build/IcecaveStudios/archer/test/suite/FileSystem/FileSystemTest.php" line="361" assertions="1" time="0.012419"/>
      <testcase name="testCreateDirectory" class="Icecave\Archer\FileSystem\FileSystemTest" file="/home/travis/build/IcecaveStudios/archer/test/suite/FileSystem/FileSystemTest.php" line="374" assertions="1" time="0.013577"/>
      <testcase name="testCreateDirectoryFailure" class="Icecave\Archer\FileSystem\FileSystemTest" file="/home/travis/build/IcecaveStudios/archer/test/suite/FileSystem/FileSystemTest.php" line="381" assertions="1" time="0.012910"/>
      <testcase name="testChmod" class="Icecave\Archer\FileSystem\FileSystemTest" file="/home/travis/build/IcecaveStudios/archer/test/suite/FileSystem/FileSystemTest.php" line="394" assertions="1" time="0.013071"/>
      <testcase name="testChmodFailure" class="Icecave\Archer\FileSystem\FileSystemTest" file="/home/travis/build/IcecaveStudios/archer/test/suite/FileSystem/FileSystemTest.php" line="401" assertions="1" time="0.012758"/>
      <testcase name="testDeleteFile" class="Icecave\Archer\FileSystem\FileSystemTest" file="/home/travis/build/IcecaveStudios/archer/test/suite/FileSystem/FileSystemTest.php" line="414" assertions="3" time="0.026167"/>
      <testcase name="testDeleteFileFailure" class="Icecave\Archer\FileSystem\FileSystemTest" file="/home/travis/build/IcecaveStudios/archer/test/suite/FileSystem/FileSystemTest.php" line="429" assertions="1" time="0.015411"/>
      <testcase name="testDeleteDirectory" class="Icecave\Archer\FileSystem\FileSystemTest" file="/home/travis/build/IcecaveStudios/archer/test/suite/FileSystem/FileSystemTest.php" line="446" assertions="8" time="0.103288"/>
      <testcase name="testDeleteDirectoryFailure" class="Icecave\Archer\FileSystem\FileSystemTest" file="/home/travis/build/IcecaveStudios/archer/test/suite/FileSystem/FileSystemTest.php" line="471" assertions="1" time="0.018011"/>
    </testsuite>
    <testsuite name="Icecave\Archer\Git\GitConfigReaderFactoryTest" file="/home/travis/build/IcecaveStudios/archer/test/suite/Git/GitConfigReaderFactoryTest.php" tests="1" assertions="1" failures="0" errors="0" time="0.014513">
      <testcase name="testCreate" class="Icecave\Archer\Git\GitConfigReaderFactoryTest" file="/home/travis/build/IcecaveStudios/archer/test/suite/Git/GitConfigReaderFactoryTest.php" line="15" assertions="1" time="0.014513"/>
    </testsuite>
    <testsuite name="Icecave\Archer\Git\GitConfigReaderTest" file="/home/travis/build/IcecaveStudios/archer/test/suite/Git/GitConfigReaderTest.php" tests="10" assertions="17" failures="0" errors="0" time="0.190681">
      <testcase name="testConstructor" class="Icecave\Archer\Git\GitConfigReaderTest" file="/home/travis/build/IcecaveStudios/archer/test/suite/Git/GitConfigReaderTest.php" line="58" assertions="2" time="0.013013"/>
      <testcase name="testConstructorDefaults" class="Icecave\Archer\Git\GitConfigReaderTest" file="/home/travis/build/IcecaveStudios/archer/test/suite/Git/GitConfigReaderTest.php" line="64" assertions="1" time="0.012318"/>
      <testcase name="testIsGitHubRepository" class="Icecave\Archer\Git\GitConfigReaderTest" file="/home/travis/build/IcecaveStudios/archer/test/suite/Git/GitConfigReaderTest.php" line="76" assertions="1" time="0.019002"/>
      <testcase name="testIsGitHubRepositoryNonGitHubURL" class="Icecave\Archer\Git\GitConfigReaderTest" file="/home/travis/build/IcecaveStudios/archer/test/suite/Git/GitConfigReaderTest.php" line="81" assertions="1" time="0.020273"/>
      <testcase name="testGet" class="Icecave\Archer\Git\GitConfigReaderTest" file="/home/travis/build/IcecaveStudios/archer/test/suite/Git/GitConfigReaderTest.php" line="95" assertions="4" time="0.021792"/>
      <testcase name="testRepositoryOwner" class="Icecave\Archer\Git\GitConfigReaderTest" file="/home/travis/build/IcecaveStudios/archer/test/suite/Git/GitConfigReaderTest.php" line="103" assertions="1" time="0.019501"/>
      <testcase name="testRepositoryOwnerFailure" class="Icecave\Archer\Git\GitConfigReaderTest" file="/home/travis/build/IcecaveStudios/archer/test/suite/Git/GitConfigReaderTest.php" line="108" assertions="2" time="0.021770"/>
      <testcase name="testRepositoryName" class="Icecave\Archer\Git\GitConfigReaderTest" file="/home/travis/build/IcecaveStudios/archer/test/suite/Git/GitConfigReaderTest.php" line="126" assertions="1" time="0.018683"/>
      <testcase name="testRepositoryNameFailure" class="Icecave\Archer\Git\GitConfigReaderTest" file="/home/travis/build/IcecaveStudios/archer/test/suite/Git/GitConfigReaderTest.php" line="131" assertions="2" time="0.021490"/>
      <testcase name="testParseFailure" class="Icecave\Archer\Git\GitConfigReaderTest" file="/home/travis/build/IcecaveStudios/archer/test/suite/Git/GitConfigReaderTest.php" line="149" assertions="2" time="0.022839"/>
    </testsuite>
    <testsuite name="Icecave\Archer\Git\GitDotFilesManagerTest" file="/home/travis/build/IcecaveStudios/archer/test/suite/Git/GitDotFilesManagerTest.php" tests="7" assertions="28" failures="0" errors="0" time="0.271095">
      <testcase name="testConstructor" class="Icecave\Archer\Git\GitDotFilesManagerTest" file="/home/travis/build/IcecaveStudios/archer/test/suite/Git/GitDotFilesManagerTest.php" line="32" assertions="1" time="0.011403"/>
      <testcase name="testConstructorDefaults" class="Icecave\Archer\Git\GitDotFilesManagerTest" file="/home/travis/build/IcecaveStudios/archer/test/suite/Git/GitDotFilesManagerTest.php" line="37" assertions="1" time="0.011885"/>
      <testcase name="testUpdateDotFiles" class="Icecave\Archer\Git\GitDotFilesManagerTest" file="/home/travis/build/IcecaveStudios/archer/test/suite/Git/GitDotFilesManagerTest.php" line="47" assertions="7" time="0.059807"/>
      <testcase name="testUpdateDotFilesAppend" class="Icecave\Archer\Git\GitDotFilesManagerTest" file="/home/travis/build/IcecaveStudios/archer/test/suite/Git/GitDotFilesManagerTest.php" line="76" assertions="5" time="0.047744"/>
      <testcase name="testUpdateDotFilesReplace" class="Icecave\Archer\Git\GitDotFilesManagerTest" file="/home/travis/build/IcecaveStudios/archer/test/suite/Git/GitDotFilesManagerTest.php" line="109" assertions="5" time="0.047202"/>
      <testcase name="testUpdateDotFilesNoChange" class="Icecave\Archer\Git\GitDotFilesManagerTest" file="/home/travis/build/IcecaveStudios/archer/test/suite/Git/GitDotFilesManagerTest.php" line="149" assertions="4" time="0.045162"/>
      <testcase name="testUpdateDotFilesMissingTags" class="Icecave\Archer\Git\GitDotFilesManagerTest" file="/home/travis/build/IcecaveStudios/archer/test/suite/Git/GitDotFilesManagerTest.php" line="182" assertions="5" time="0.047892"/>
    </testsuite>
    <testsuite name="Icecave\Archer\GitHub\GitHubClientTest" file="/home/travis/build/IcecaveStudios/archer/test/suite/GitHub/GitHubClientTest.php" tests="10" assertions="26" failures="0" errors="0" time="0.197858">
      <testcase name="testValidateToken" class="Icecave\Archer\GitHub\GitHubClientTest" file="/home/travis/build/IcecaveStudios/archer/test/suite/GitHub/GitHubClientTest.php" line="18" assertions="5" time="0.011949"/>
      <testcase name="testDefaultBranch" class="Icecave\Archer\GitHub\GitHubClientTest" file="/home/travis/build/IcecaveStudios/archer/test/suite/GitHub/GitHubClientTest.php" line="35" assertions="2" time="0.017685"/>
      <testcase name="testDefaultBranchUsingMasterBranch" class="Icecave\Archer\GitHub\GitHubClientTest" file="/home/travis/build/IcecaveStudios/archer/test/suite/GitHub/GitHubClientTest.php" line="50" assertions="2" time="0.017997"/>
      <testcase name="testDefaultBranchFallback" class="Icecave\Archer\GitHub\GitHubClientTest" file="/home/travis/build/IcecaveStudios/archer/test/suite/GitHub/GitHubClientTest.php" line="64" assertions="2" time="0.017923"/>
      <testcase name="testSetAuthToken" class="Icecave\Archer\GitHub\GitHubClientTest" file="/home/travis/build/IcecaveStudios/archer/test/suite/GitHub/GitHubClientTest.php" line="75" assertions="2" time="0.014028"/>
      <testcase name="testSetAuthTokenFailure" class="Icecave\Archer\GitHub\GitHubClientTest" file="/home/travis/build/IcecaveStudios/archer/test/suite/GitHub/GitHubClientTest.php" line="86" assertions="3" time="0.013433"/>
      <testcase name="testSetUserAgent" class="Icecave\Archer\GitHub\GitHubClientTest" file="/home/travis/build/IcecaveStudios/archer/test/suite/GitHub/GitHubClientTest.php" line="94" assertions="2" time="0.012872"/>
      <testcase name="testApiGet" class="Icecave\Archer\GitHub\GitHubClientTest" file="/home/travis/build/IcecaveStudios/archer/test/suite/GitHub/GitHubClientTest.php" line="103" assertions="2" time="0.023608"/>
      <testcase name="testApiGetWithUserAgent" class="Icecave\Archer\GitHub\GitHubClientTest" file="/home/travis/build/IcecaveStudios/archer/test/suite/GitHub/GitHubClientTest.php" line="119" assertions="3" time="0.034401"/>
      <testcase name="testApiGetWithAuthToken" class="Icecave\Archer\GitHub\GitHubClientTest" file="/home/travis/build/IcecaveStudios/archer/test/suite/GitHub/GitHubClientTest.php" line="148" assertions="3" time="0.033962"/>
    </testsuite>
    <testsuite name="Icecave\Archer\Process\PHPUnitExecutableFinderTest" file="/home/travis/build/IcecaveStudios/archer/test/suite/Process/PHPUnitExecutableFinderTest.php" tests="6" assertions="14" failures="0" errors="0" time="0.110689">
      <testcase name="testConstructor" class="Icecave\Archer\Process\PHPUnitExecutableFinderTest" file="/home/travis/build/IcecaveStudios/archer/test/suite/Process/PHPUnitExecutableFinderTest.php" line="30" assertions="2" time="0.013347"/>
      <testcase name="testConstructorDefaults" class="Icecave\Archer\Process\PHPUnitExecutableFinderTest" file="/home/travis/build/IcecaveStudios/archer/test/suite/Process/PHPUnitExecutableFinderTest.php" line="36" assertions="2" time="0.010949"/>
      <testcase name="testFindGeneric" class="Icecave\Archer\Process\PHPUnitExecutableFinderTest" file="/home/travis/build/IcecaveStudios/archer/test/suite/Process/PHPUnitExecutableFinderTest.php" line="50" assertions="2" time="0.016234"/>
      <testcase name="testFindGenericFailure" class="Icecave\Archer\Process\PHPUnitExecutableFinderTest" file="/home/travis/build/IcecaveStudios/archer/test/suite/Process/PHPUnitExecutableFinderTest.php" line="65" assertions="2" time="0.013982"/>
      <testcase name="testFindTravis" class="Icecave\Archer\Process\PHPUnitExecutableFinderTest" file="/home/travis/build/IcecaveStudios/archer/test/suite/Process/PHPUnitExecutableFinderTest.php" line="84" assertions="4" time="0.033341"/>
      <testcase name="testFindTravisFailure" class="Icecave\Archer\Process\PHPUnitExecutableFinderTest" file="/home/travis/build/IcecaveStudios/archer/test/suite/Process/PHPUnitExecutableFinderTest.php" line="112" assertions="2" time="0.022837"/>
    </testsuite>
    <testsuite name="Icecave\Archer\Process\ProcessFactoryTest" file="/home/travis/build/IcecaveStudios/archer/test/suite/Process/ProcessFactoryTest.php" tests="1" assertions="2" failures="0" errors="0" time="0.106703">
      <testcase name="testFactory" class="Icecave\Archer\Process\ProcessFactoryTest" file="/home/travis/build/IcecaveStudios/archer/test/suite/Process/ProcessFactoryTest.php" line="16" assertions="2" time="0.106703"/>
    </testsuite>
    <testsuite name="Icecave\Archer\Support\AsplodeTest" file="/home/travis/build/IcecaveStudios/archer/test/suite/Support/AsplodeTest.php" tests="8" assertions="14" failures="0" errors="0" time="0.105231">
      <testcase name="testInstance" class="Icecave\Archer\Support\AsplodeTest" file="/home/travis/build/IcecaveStudios/archer/test/suite/Support/AsplodeTest.php" line="20" assertions="1" time="0.010296"/>
      <testcase name="testInstall" class="Icecave\Archer\Support\AsplodeTest" file="/home/travis/build/IcecaveStudios/archer/test/suite/Support/AsplodeTest.php" line="25" assertions="1" time="0.017091"/>
      <testcase name="testInstallFailureAlreadyInstalled" class="Icecave\Archer\Support\AsplodeTest" file="/home/travis/build/IcecaveStudios/archer/test/suite/Support/AsplodeTest.php" line="32" assertions="2" time="0.013574"/>
      <testcase name="testInstallFailureMisconfigured" class="Icecave\Archer\Support\AsplodeTest" file="/home/travis/build/IcecaveStudios/archer/test/suite/Support/AsplodeTest.php" line="40" assertions="2" time="0.012482"/>
      <testcase name="testUninstall" class="Icecave\Archer\Support\AsplodeTest" file="/home/travis/build/IcecaveStudios/archer/test/suite/Support/AsplodeTest.php" line="48" assertions="1" time="0.018962"/>
      <testcase name="testUninstallFailure" class="Icecave\Archer\Support\AsplodeTest" file="/home/travis/build/IcecaveStudios/archer/test/suite/Support/AsplodeTest.php" line="56" assertions="2" time="0.009687"/>
      <testcase name="testHandleError" class="Icecave\Archer\Support\AsplodeTest" file="/home/travis/build/IcecaveStudios/archer/test/suite/Support/AsplodeTest.php" line="62" assertions="4" time="0.011800"/>
      <testcase name="testHandleErrorIgnored" class="Icecave\Archer\Support\AsplodeTest" file="/home/travis/build/IcecaveStudios/archer/test/suite/Support/AsplodeTest.php" line="75" assertions="1" time="0.011339"/>
    </testsuite>
    <testsuite name="Icecave\Archer\Support\IsolatorTest" file="/home/travis/build/IcecaveStudios/archer/test/suite/Support/IsolatorTest.php" tests="9" assertions="15" failures="0" errors="0" time="0.064682">
      <testcase name="testGet" class="Icecave\Archer\Support\IsolatorTest" file="/home/travis/build/IcecaveStudios/archer/test/suite/Support/IsolatorTest.php" line="13" assertions="3" time="0.007574"/>
      <testcase name="testClassName" class="Icecave\Archer\Support\IsolatorTest" file="/home/travis/build/IcecaveStudios/archer/test/suite/Support/IsolatorTest.php" line="24" assertions="1" time="0.006246"/>
      <testcase name="testCall" class="Icecave\Archer\Support\IsolatorTest" file="/home/travis/build/IcecaveStudios/archer/test/suite/Support/IsolatorTest.php" line="31" assertions="1" time="0.006185"/>
      <testcase name="testEcho" class="Icecave\Archer\Support\IsolatorTest" file="/home/travis/build/IcecaveStudios/archer/test/suite/Support/IsolatorTest.php" line="37" assertions="1" time="0.010782"/>
      <testcase name="testEval" class="Icecave\Archer\Support\IsolatorTest" file="/home/travis/build/IcecaveStudios/archer/test/suite/Support/IsolatorTest.php" line="44" assertions="1" time="0.006301"/>
      <testcase name="testInclude" class="Icecave\Archer\Support\IsolatorTest" file="/home/travis/build/IcecaveStudios/archer/test/suite/Support/IsolatorTest.php" line="50" assertions="2" time="0.006802"/>
      <testcase name="testIncludeOnce" class="Icecave\Archer\Support\IsolatorTest" file="/home/travis/build/IcecaveStudios/archer/test/suite/Support/IsolatorTest.php" line="59" assertions="2" time="0.007085"/>
      <testcase name="testRequire" class="Icecave\Archer\Support\IsolatorTest" file="/home/travis/build/IcecaveStudios/archer/test/suite/Support/IsolatorTest.php" line="68" assertions="2" time="0.006961"/>
      <testcase name="testRequireOnce" class="Icecave\Archer\Support\IsolatorTest" file="/home/travis/build/IcecaveStudios/archer/test/suite/Support/IsolatorTest.php" line="77" assertions="2" time="0.006747"/>
    </testsuite>
    <testsuite name="Icecave\Archer\Support\Liftoff\Exception\LaunchExceptionTest" file="/home/travis/build/IcecaveStudios/archer/test/suite/Support/Liftoff/Exception/LaunchExceptionTest.php" tests="1" assertions="4" failures="0" errors="0" time="0.008657">
      <testcase name="testException" class="Icecave\Archer\Support\Liftoff\Exception\LaunchExceptionTest" file="/home/travis/build/IcecaveStudios/archer/test/suite/Support/Liftoff/Exception/LaunchExceptionTest.php" line="19" assertions="4" time="0.008657"/>
    </testsuite>
    <testsuite name="Icecave\Archer\Support\Liftoff\LauncherTest" file="/home/travis/build/IcecaveStudios/archer/test/suite/Support/Liftoff/LauncherTest.php" tests="7" assertions="32" failures="0" errors="0" time="0.430290">
      <testsuite name="Icecave\Archer\Support\Liftoff\LauncherTest::testLaunch" tests="6" assertions="30" failures="0" errors="0" time="0.416288">
        <testcase name="testLaunch with data set &quot;OSX&quot;" assertions="5" time="0.070609"/>
        <testcase name="testLaunch with data set &quot;OSX with arguments&quot;" assertions="5" time="0.068378"/>
        <testcase name="testLaunch with data set &quot;Windows&quot;" assertions="5" time="0.069541"/>
        <testcase name="testLaunch with data set &quot;Windows with arguments&quot;" assertions="5" time="0.068939"/>
        <testcase name="testLaunch with data set &quot;Unix&quot;" assertions="5" time="0.068337"/>
        <testcase name="testLaunch with data set &quot;Unix with arguments&quot;" assertions="5" time="0.070484"/>
      </testsuite>
      <testcase name="testLaunchFailure" class="Icecave\Archer\Support\Liftoff\LauncherTest" file="/home/travis/build/IcecaveStudios/archer/test/suite/Support/Liftoff/LauncherTest.php" line="70" assertions="2" time="0.014002"/>
    </testsuite>
    <testsuite name="Icecave\Archer\Travis\TravisClientTest" file="/home/travis/build/IcecaveStudios/archer/test/suite/Travis/TravisClientTest.php" tests="6" assertions="10" failures="0" errors="0" time="0.081930">
      <testcase name="testConstructor" class="Icecave\Archer\Travis\TravisClientTest" file="/home/travis/build/IcecaveStudios/archer/test/suite/Travis/TravisClientTest.php" line="21" assertions="1" time="0.009202"/>
      <testcase name="testConstructorDefaults" class="Icecave\Archer\Travis\TravisClientTest" file="/home/travis/build/IcecaveStudios/archer/test/suite/Travis/TravisClientTest.php" line="26" assertions="1" time="0.009338"/>
      <testcase name="testPublicKey" class="Icecave\Archer\Travis\TravisClientTest" file="/home/travis/build/IcecaveStudios/archer/test/suite/Travis/TravisClientTest.php" line="36" assertions="2" time="0.015027"/>
      <testcase name="testEncryptEnvironment" class="Icecave\Archer\Travis\TravisClientTest" file="/home/travis/build/IcecaveStudios/archer/test/suite/Travis/TravisClientTest.php" line="49" assertions="2" time="0.017423"/>
      <testcase name="testEncrypt" class="Icecave\Archer\Travis\TravisClientTest" file="/home/travis/build/IcecaveStudios/archer/test/suite/Travis/TravisClientTest.php" line="70" assertions="2" time="0.017646"/>
      <testcase name="testEncryptFailure" class="Icecave\Archer\Travis\TravisClientTest" file="/home/travis/build/IcecaveStudios/archer/test/suite/Travis/TravisClientTest.php" line="91" assertions="2" time="0.013294"/>
    </testsuite>
    <testsuite name="Icecave\Archer\Travis\TravisConfigManagerTest" file="/home/travis/build/IcecaveStudios/archer/test/suite/Travis/TravisConfigManagerTest.php" tests="21" assertions="66" failures="0" errors="0" time="0.776804">
      <testcase name="testConstructor" class="Icecave\Archer\Travis\TravisConfigManagerTest" file="/home/travis/build/IcecaveStudios/archer/test/suite/Travis/TravisConfigManagerTest.php" line="37" assertions="3" time="0.015376"/>
      <testcase name="testConstructorDefaults" class="Icecave\Archer\Travis\TravisConfigManagerTest" file="/home/travis/build/IcecaveStudios/archer/test/suite/Travis/TravisConfigManagerTest.php" line="44" assertions="3" time="0.034226"/>
      <testcase name="testPublicKeyCache" class="Icecave\Archer\Travis\TravisConfigManagerTest" file="/home/travis/build/IcecaveStudios/archer/test/suite/Travis/TravisConfigManagerTest.php" line="53" assertions="2" time="0.020799"/>
      <testcase name="testPublicKeyCacheExists" class="Icecave\Archer\Travis\TravisConfigManagerTest" file="/home/travis/build/IcecaveStudios/archer/test/suite/Travis/TravisConfigManagerTest.php" line="62" assertions="3" time="0.028189"/>
      <testcase name="testSetPublicKeyCache" class="Icecave\Archer\Travis\TravisConfigManagerTest" file="/home/travis/build/IcecaveStudios/archer/test/suite/Travis/TravisConfigManagerTest.php" line="74" assertions="3" time="0.027794"/>
      <testcase name="testSetPublicKeyCacheSame" class="Icecave\Archer\Travis\TravisConfigManagerTest" file="/home/travis/build/IcecaveStudios/archer/test/suite/Travis/TravisConfigManagerTest.php" line="85" assertions="4" time="0.032862"/>
      <testcase name="testSetPublicKeyCacheDelete" class="Icecave\Archer\Travis\TravisConfigManagerTest" file="/home/travis/build/IcecaveStudios/archer/test/suite/Travis/TravisConfigManagerTest.php" line="99" assertions="4" time="0.035957"/>
      <testcase name="testSecureEnvironmentCache" class="Icecave\Archer\Travis\TravisConfigManagerTest" file="/home/travis/build/IcecaveStudios/archer/test/suite/Travis/TravisConfigManagerTest.php" line="112" assertions="2" time="0.021149"/>
      <testcase name="testSecureEnvironmentCacheExists" class="Icecave\Archer\Travis\TravisConfigManagerTest" file="/home/travis/build/IcecaveStudios/archer/test/suite/Travis/TravisConfigManagerTest.php" line="120" assertions="3" time="0.028840"/>
      <testcase name="testSetSecureEnvironmentCache" class="Icecave\Archer\Travis\TravisConfigManagerTest" file="/home/travis/build/IcecaveStudios/archer/test/suite/Travis/TravisConfigManagerTest.php" line="132" assertions="3" time="0.028341"/>
      <testcase name="testSetSecureEnvironmentCacheSame" class="Icecave\Archer\Travis\TravisConfigManagerTest" file="/home/travis/build/IcecaveStudios/archer/test/suite/Travis/TravisConfigManagerTest.php" line="143" assertions="4" time="0.032205"/>
      <testcase name="testSetSecureEnvironmentCacheDelete" class="Icecave\Archer\Travis\TravisConfigManagerTest" file="/home/travis/build/IcecaveStudios/archer/test/suite/Travis/TravisConfigManagerTest.php" line="156" assertions="4" time="0.035922"/>
      <testcase name="testUpdateConfig" class="Icecave\Archer\Travis\TravisConfigManagerTest" file="/home/travis/build/IcecaveStudios/archer/test/suite/Travis/TravisConfigManagerTest.php" line="169" assertions="7" time="0.071767"/>
      <testcase name="testUpdateConfigWithOAuth" class="Icecave\Archer\Travis\TravisConfigManagerTest" file="/home/travis/build/IcecaveStudios/archer/test/suite/Travis/TravisConfigManagerTest.php" line="197" assertions="7" time="0.077197"/>
      <testcase name="testUpdateConfigPhpVersionConstraint" class="Icecave\Archer\Travis\TravisConfigManagerTest" file="/home/travis/build/IcecaveStudios/archer/test/suite/Travis/TravisConfigManagerTest.php" line="227" assertions="2" time="0.041526"/>
      <testcase name="testUpdateConfigPhpVersionConstraintWithPatchVersion" class="Icecave\Archer\Travis\TravisConfigManagerTest" file="/home/travis/build/IcecaveStudios/archer/test/suite/Travis/TravisConfigManagerTest.php" line="246" assertions="2" time="0.041199"/>
      <testcase name="testUpdateConfigPhpVersionConstraintNoMatches" class="Icecave\Archer\Travis\TravisConfigManagerTest" file="/home/travis/build/IcecaveStudios/archer/test/suite/Travis/TravisConfigManagerTest.php" line="261" assertions="2" time="0.042434"/>
      <testcase name="testUpdateConfigPhpVersionNoConstraint" class="Icecave\Archer\Travis\TravisConfigManagerTest" file="/home/travis/build/IcecaveStudios/archer/test/suite/Travis/TravisConfigManagerTest.php" line="276" assertions="2" time="0.039102"/>
      <testsuite name="Icecave\Archer\Travis\TravisConfigManagerTest::testUpdateConfigPhpPublishVersion" tests="3" assertions="6" failures="0" errors="0" time="0.121919">
        <testcase name="testUpdateConfigPhpPublishVersion with data set #0" assertions="2" time="0.040644"/>
        <testcase name="testUpdateConfigPhpPublishVersion with data set #1" assertions="2" time="0.040756"/>
        <testcase name="testUpdateConfigPhpPublishVersion with data set #2" assertions="2" time="0.040519"/>
      </testsuite>
    </testsuite>
  </testsuite>
</testsuites>
