<?xml version="1.0" encoding="UTF-8"?>
<testsuites>
  <testsuite name="" tests="218" assertions="756" failures="0" errors="0" time="8.107903">
    <testsuite name="Icecave\Archer\Configuration\ComposerConfigurationReaderTest" file="/home/travis/build/IcecaveStudios/archer/test/suite/Configuration/ComposerConfigurationReaderTest.php" tests="4" assertions="6" failures="0" errors="0" time="0.056383">
      <testcase name="testConstructor" class="Icecave\Archer\Configuration\ComposerConfigurationReaderTest" file="/home/travis/build/IcecaveStudios/archer/test/suite/Configuration/ComposerConfigurationReaderTest.php" line="18" assertions="1" time="0.018612"/>
      <testcase name="testConstructorDefaults" class="Icecave\Archer\Configuration\ComposerConfigurationReaderTest" file="/home/travis/build/IcecaveStudios/archer/test/suite/Configuration/ComposerConfigurationReaderTest.php" line="23" assertions="1" time="0.006447"/>
      <testcase name="testRead" class="Icecave\Archer\Configuration\ComposerConfigurationReaderTest" file="/home/travis/build/IcecaveStudios/archer/test/suite/Configuration/ComposerConfigurationReaderTest.php" line="33" assertions="2" time="0.021079"/>
      <testcase name="testReadFailureJson" class="Icecave\Archer\Configuration\ComposerConfigurationReaderTest" file="/home/travis/build/IcecaveStudios/archer/test/suite/Configuration/ComposerConfigurationReaderTest.php" line="47" assertions="2" time="0.010246"/>
    </testsuite>
    <testsuite name="Icecave\Archer\Configuration\ConfigurationFileFinderTest" file="/home/travis/build/IcecaveStudios/archer/test/suite/Configuration/ConfigurationFileFinderTest.php" tests="5" assertions="11" failures="0" errors="0" time="0.044944">
      <testcase name="testConstructor" class="Icecave\Archer\Configuration\ConfigurationFileFinderTest" file="/home/travis/build/IcecaveStudios/archer/test/suite/Configuration/ConfigurationFileFinderTest.php" line="17" assertions="1" time="0.005884"/>
      <testcase name="testConstructorDefaults" class="Icecave\Archer\Configuration\ConfigurationFileFinderTest" file="/home/travis/build/IcecaveStudios/archer/test/suite/Configuration/ConfigurationFileFinderTest.php" line="22" assertions="1" time="0.004768"/>
      <testcase name="testFindFirst" class="Icecave\Archer\Configuration\ConfigurationFileFinderTest" file="/home/travis/build/IcecaveStudios/archer/test/suite/Configuration/ConfigurationFileFinderTest.php" line="32" assertions="3" time="0.010209"/>
      <testcase name="testFindLast" class="Icecave\Archer\Configuration\ConfigurationFileFinderTest" file="/home/travis/build/IcecaveStudios/archer/test/suite/Configuration/ConfigurationFileFinderTest.php" line="48" assertions="3" time="0.011810"/>
      <testcase name="testFindDefault" class="Icecave\Archer\Configuration\ConfigurationFileFinderTest" file="/home/travis/build/IcecaveStudios/archer/test/suite/Configuration/ConfigurationFileFinderTest.php" line="67" assertions="3" time="0.012273"/>
    </testsuite>
    <testsuite name="Icecave\Archer\Configuration\PHPConfigurationReaderTest" file="/home/travis/build/IcecaveStudios/archer/test/suite/Configuration/PHPConfigurationReaderTest.php" tests="5" assertions="16" failures="0" errors="0" time="0.091613">
      <testcase name="testConstructor" class="Icecave\Archer\Configuration\PHPConfigurationReaderTest" file="/home/travis/build/IcecaveStudios/archer/test/suite/Configuration/PHPConfigurationReaderTest.php" line="21" assertions="1" time="0.012790"/>
      <testcase name="testConstructorDefaults" class="Icecave\Archer\Configuration\PHPConfigurationReaderTest" file="/home/travis/build/IcecaveStudios/archer/test/suite/Configuration/PHPConfigurationReaderTest.php" line="26" assertions="1" time="0.007812"/>
      <testcase name="testReadSingle" class="Icecave\Archer\Configuration\PHPConfigurationReaderTest" file="/home/travis/build/IcecaveStudios/archer/test/suite/Configuration/PHPConfigurationReaderTest.php" line="36" assertions="5" time="0.025044"/>
      <testcase name="testReadMultiple" class="Icecave\Archer\Configuration\PHPConfigurationReaderTest" file="/home/travis/build/IcecaveStudios/archer/test/suite/Configuration/PHPConfigurationReaderTest.php" line="60" assertions="5" time="0.026397"/>
      <testcase name="testReadNone" class="Icecave\Archer\Configuration\PHPConfigurationReaderTest" file="/home/travis/build/IcecaveStudios/archer/test/suite/Configuration/PHPConfigurationReaderTest.php" line="83" assertions="4" time="0.019570"/>
    </testsuite>
    <testsuite name="Icecave\Archer\Console\ApplicationTest" file="/home/travis/build/IcecaveStudios/archer/test/suite/Console/ApplicationTest.php" tests="8" assertions="15" failures="0" errors="0" time="0.829484">
      <testcase name="testConstructor" class="Icecave\Archer\Console\ApplicationTest" file="/home/travis/build/IcecaveStudios/archer/test/suite/Console/ApplicationTest.php" line="29" assertions="4" time="0.166236"/>
      <testcase name="testConstructorDefaults" class="Icecave\Archer\Console\ApplicationTest" file="/home/travis/build/IcecaveStudios/archer/test/suite/Console/ApplicationTest.php" line="38" assertions="1" time="0.102997"/>
      <testcase name="testEnabledCommands" class="Icecave\Archer\Console\ApplicationTest" file="/home/travis/build/IcecaveStudios/archer/test/suite/Console/ApplicationTest.php" line="50" assertions="1" time="0.061439"/>
      <testcase name="testEnabledCommandsArcher" class="Icecave\Archer\Console\ApplicationTest" file="/home/travis/build/IcecaveStudios/archer/test/suite/Console/ApplicationTest.php" line="64" assertions="3" time="0.094221"/>
      <testcase name="testEnabledCommandsTravis" class="Icecave\Archer\Console\ApplicationTest" file="/home/travis/build/IcecaveStudios/archer/test/suite/Console/ApplicationTest.php" line="94" assertions="1" time="0.084691"/>
      <testcase name="testDoRun" class="Icecave\Archer\Console\ApplicationTest" file="/home/travis/build/IcecaveStudios/archer/test/suite/Console/ApplicationTest.php" line="114" assertions="3" time="0.192230"/>
      <testcase name="testRawArguments" class="Icecave\Archer\Console\ApplicationTest" file="/home/travis/build/IcecaveStudios/archer/test/suite/Console/ApplicationTest.php" line="143" assertions="1" time="0.065383"/>
      <testcase name="testDefaultCommandName" class="Icecave\Archer\Console\ApplicationTest" file="/home/travis/build/IcecaveStudios/archer/test/suite/Console/ApplicationTest.php" line="155" assertions="1" time="0.062287"/>
    </testsuite>
    <testsuite name="Icecave\Archer\Console\Command\AbstractPHPUnitCommandTest" file="/home/travis/build/IcecaveStudios/archer/test/suite/Console/Command/AbstractPHPUnitCommandTest.php" tests="4" assertions="19" failures="0" errors="0" time="0.192434">
      <testcase name="testConstructor" class="Icecave\Archer\Console\Command\AbstractPHPUnitCommandTest" file="/home/travis/build/IcecaveStudios/archer/test/suite/Console/Command/AbstractPHPUnitCommandTest.php" line="67" assertions="7" time="0.096912"/>
      <testcase name="testConstructorDefaults" class="Icecave\Archer\Console\Command\AbstractPHPUnitCommandTest" file="/home/travis/build/IcecaveStudios/archer/test/suite/Console/Command/AbstractPHPUnitCommandTest.php" line="79" assertions="6" time="0.035982"/>
      <testcase name="testGetHelp" class="Icecave\Archer\Console\Command\AbstractPHPUnitCommandTest" file="/home/travis/build/IcecaveStudios/archer/test/suite/Console/Command/AbstractPHPUnitCommandTest.php" line="118" assertions="5" time="0.035824"/>
      <testcase name="testGenerateArgumentsFiltering" class="Icecave\Archer\Console\Command\AbstractPHPUnitCommandTest" file="/home/travis/build/IcecaveStudios/archer/test/suite/Console/Command/AbstractPHPUnitCommandTest.php" line="147" assertions="1" time="0.023716"/>
    </testsuite>
    <testsuite name="Icecave\Archer\Console\Command\CoverageCommandTest" file="/home/travis/build/IcecaveStudios/archer/test/suite/Console/Command/CoverageCommandTest.php" tests="6" assertions="47" failures="0" errors="0" time="0.449477">
      <testcase name="testConstructor" class="Icecave\Archer\Console\Command\CoverageCommandTest" file="/home/travis/build/IcecaveStudios/archer/test/suite/Console/Command/CoverageCommandTest.php" line="150" assertions="8" time="0.078200"/>
      <testcase name="testConstructorDefaults" class="Icecave\Archer\Console\Command\CoverageCommandTest" file="/home/travis/build/IcecaveStudios/archer/test/suite/Console/Command/CoverageCommandTest.php" line="163" assertions="7" time="0.036922"/>
      <testcase name="testConfigure" class="Icecave\Archer\Console\Command\CoverageCommandTest" file="/home/travis/build/IcecaveStudios/archer/test/suite/Console/Command/CoverageCommandTest.php" line="206" assertions="3" time="0.073760"/>
      <testcase name="testExecute" class="Icecave\Archer\Console\Command\CoverageCommandTest" file="/home/travis/build/IcecaveStudios/archer/test/suite/Console/Command/CoverageCommandTest.php" line="236" assertions="14" time="0.102911"/>
      <testcase name="testExecuteWithOpen" class="Icecave\Archer\Console\Command\CoverageCommandTest" file="/home/travis/build/IcecaveStudios/archer/test/suite/Console/Command/CoverageCommandTest.php" line="302" assertions="14" time="0.105059"/>
      <testcase name="testGenerateArgumentsFiltering" class="Icecave\Archer\Console\Command\CoverageCommandTest" file="/home/travis/build/IcecaveStudios/archer/test/suite/Console/Command/CoverageCommandTest.php" line="382" assertions="1" time="0.052625"/>
    </testsuite>
    <testsuite name="Icecave\Archer\Console\Command\DocumentationCommandTest" file="/home/travis/build/IcecaveStudios/archer/test/suite/Console/Command/DocumentationCommandTest.php" tests="5" assertions="16" failures="0" errors="0" time="0.105435">
      <testcase name="testConstructor" class="Icecave\Archer\Console\Command\DocumentationCommandTest" file="/home/travis/build/IcecaveStudios/archer/test/suite/Console/Command/DocumentationCommandTest.php" line="32" assertions="2" time="0.017346"/>
      <testcase name="testConstructorDefaults" class="Icecave\Archer\Console\Command\DocumentationCommandTest" file="/home/travis/build/IcecaveStudios/archer/test/suite/Console/Command/DocumentationCommandTest.php" line="38" assertions="2" time="0.010353"/>
      <testcase name="testConfigure" class="Icecave\Archer\Console\Command\DocumentationCommandTest" file="/home/travis/build/IcecaveStudios/archer/test/suite/Console/Command/DocumentationCommandTest.php" line="52" assertions="3" time="0.023719"/>
      <testcase name="testExecute" class="Icecave\Archer\Console\Command\DocumentationCommandTest" file="/home/travis/build/IcecaveStudios/archer/test/suite/Console/Command/DocumentationCommandTest.php" line="72" assertions="4" time="0.024322"/>
      <testcase name="testExecuteWithOpen" class="Icecave\Archer\Console\Command\DocumentationCommandTest" file="/home/travis/build/IcecaveStudios/archer/test/suite/Console/Command/DocumentationCommandTest.php" line="87" assertions="5" time="0.029695"/>
    </testsuite>
    <testsuite name="Icecave\Archer\Console\Command\TestCommandTest" file="/home/travis/build/IcecaveStudios/archer/test/suite/Console/Command/TestCommandTest.php" tests="2" assertions="16" failures="0" errors="0" time="0.141854">
      <testcase name="testConfigure" class="Icecave\Archer\Console\Command\TestCommandTest" file="/home/travis/build/IcecaveStudios/archer/test/suite/Console/Command/TestCommandTest.php" line="145" assertions="3" time="0.064251"/>
      <testcase name="testExecute" class="Icecave\Archer\Console\Command\TestCommandTest" file="/home/travis/build/IcecaveStudios/archer/test/suite/Console/Command/TestCommandTest.php" line="165" assertions="13" time="0.077603"/>
    </testsuite>
    <testsuite name="Icecave\Archer\Console\Command\Travis\AbstractTravisCommandTest" file="/home/travis/build/IcecaveStudios/archer/test/suite/Console/Command/Travis/AbstractTravisCommandTest.php" tests="1" assertions="2" failures="0" errors="0" time="0.027842">
      <testcase name="testIsEnabled" class="Icecave\Archer\Console\Command\Travis\AbstractTravisCommandTest" file="/home/travis/build/IcecaveStudios/archer/test/suite/Console/Command/Travis/AbstractTravisCommandTest.php" line="18" assertions="2" time="0.027842"/>
    </testsuite>
    <testsuite name="Icecave\Archer\Console\Command\Travis\BuildCommandTest" file="/home/travis/build/IcecaveStudios/archer/test/suite/Console/Command/Travis/BuildCommandTest.php" tests="15" assertions="104" failures="0" errors="0" time="1.612722">
      <testcase name="testConstructor" class="Icecave\Archer\Console\Command\Travis\BuildCommandTest" file="/home/travis/build/IcecaveStudios/archer/test/suite/Console/Command/Travis/BuildCommandTest.php" line="64" assertions="2" time="0.050199"/>
      <testcase name="testConstructorDefaults" class="Icecave\Archer\Console\Command\Travis\BuildCommandTest" file="/home/travis/build/IcecaveStudios/archer/test/suite/Console/Command/Travis/BuildCommandTest.php" line="70" assertions="2" time="0.050915"/>
      <testcase name="testExecute" class="Icecave\Archer\Console\Command\Travis\BuildCommandTest" file="/home/travis/build/IcecaveStudios/archer/test/suite/Console/Command/Travis/BuildCommandTest.php" line="85" assertions="3" time="0.074359"/>
      <testcase name="testExecuteWithPublishVersionButWrongBranch" class="Icecave\Archer\Console\Command\Travis\BuildCommandTest" file="/home/travis/build/IcecaveStudios/archer/test/suite/Console/Command/Travis/BuildCommandTest.php" line="104" assertions="4" time="0.084088"/>
      <testcase name="testExecuteWithPublishVersionButNoToken" class="Icecave\Archer\Console\Command\Travis\BuildCommandTest" file="/home/travis/build/IcecaveStudios/archer/test/suite/Console/Command/Travis/BuildCommandTest.php" line="134" assertions="3" time="0.086306"/>
      <testcase name="testExecuteWithPublishVersionButIsPullRequest" class="Icecave\Archer\Console\Command\Travis\BuildCommandTest" file="/home/travis/build/IcecaveStudios/archer/test/suite/Console/Command/Travis/BuildCommandTest.php" line="161" assertions="3" time="0.092817"/>
      <testcase name="testExecuteWithPublish" class="Icecave\Archer\Console\Command\Travis\BuildCommandTest" file="/home/travis/build/IcecaveStudios/archer/test/suite/Console/Command/Travis/BuildCommandTest.php" line="188" assertions="9" time="0.138146"/>
      <testcase name="testExecuteWithPublishAndNoSource" class="Icecave\Archer\Console\Command\Travis\BuildCommandTest" file="/home/travis/build/IcecaveStudios/archer/test/suite/Console/Command/Travis/BuildCommandTest.php" line="248" assertions="2" time="0.093315"/>
      <testcase name="testExecuteWithPublishErrorCode" class="Icecave\Archer\Console\Command\Travis\BuildCommandTest" file="/home/travis/build/IcecaveStudios/archer/test/suite/Console/Command/Travis/BuildCommandTest.php" line="303" assertions="9" time="0.113602"/>
      <testcase name="testExecuteWithPublishAndCoveralls" class="Icecave\Archer\Console\Command\Travis\BuildCommandTest" file="/home/travis/build/IcecaveStudios/archer/test/suite/Console/Command/Travis/BuildCommandTest.php" line="363" assertions="14" time="0.160497"/>
      <testcase name="testExecuteWithAlwaysPublishFlag" class="Icecave\Archer\Console\Command\Travis\BuildCommandTest" file="/home/travis/build/IcecaveStudios/archer/test/suite/Console/Command/Travis/BuildCommandTest.php" line="435" assertions="13" time="0.156508"/>
      <testcase name="testExecuteWithPublishAndTestFailure" class="Icecave\Archer\Console\Command\Travis\BuildCommandTest" file="/home/travis/build/IcecaveStudios/archer/test/suite/Console/Command/Travis/BuildCommandTest.php" line="509" assertions="9" time="0.113696"/>
      <testcase name="testExecuteWithPublishAndDocumentationFailure" class="Icecave\Archer\Console\Command\Travis\BuildCommandTest" file="/home/travis/build/IcecaveStudios/archer/test/suite/Console/Command/Travis/BuildCommandTest.php" line="569" assertions="9" time="0.120589"/>
      <testcase name="testExecuteWithPublishAndCoverallsPublishFailure" class="Icecave\Archer\Console\Command\Travis\BuildCommandTest" file="/home/travis/build/IcecaveStudios/archer/test/suite/Console/Command/Travis/BuildCommandTest.php" line="629" assertions="13" time="0.156627"/>
      <testcase name="testExecuteWithCoverallsButNoPublish" class="Icecave\Archer\Console\Command\Travis\BuildCommandTest" file="/home/travis/build/IcecaveStudios/archer/test/suite/Console/Command/Travis/BuildCommandTest.php" line="700" assertions="9" time="0.121058"/>
    </testsuite>
    <testsuite name="Icecave\Archer\Console\Command\UpdateCommandTest" file="/home/travis/build/IcecaveStudios/archer/test/suite/Console/Command/UpdateCommandTest.php" tests="18" assertions="137" failures="0" errors="0" time="1.735039">
      <testcase name="testConstructor" class="Icecave\Archer\Console\Command\UpdateCommandTest" file="/home/travis/build/IcecaveStudios/archer/test/suite/Console/Command/UpdateCommandTest.php" line="98" assertions="5" time="0.088716"/>
      <testcase name="testConstructorDefaults" class="Icecave\Archer\Console\Command\UpdateCommandTest" file="/home/travis/build/IcecaveStudios/archer/test/suite/Console/Command/UpdateCommandTest.php" line="107" assertions="5" time="0.063508"/>
      <testcase name="testExecute" class="Icecave\Archer\Console\Command\UpdateCommandTest" file="/home/travis/build/IcecaveStudios/archer/test/suite/Console/Command/UpdateCommandTest.php" line="133" assertions="10" time="0.101304"/>
      <testcase name="testExecuteWithNonGitHubRepository" class="Icecave\Archer\Console\Command\UpdateCommandTest" file="/home/travis/build/IcecaveStudios/archer/test/suite/Console/Command/UpdateCommandTest.php" line="154" assertions="5" time="0.071368"/>
      <testcase name="testExecuteWithoutArtifactSupport" class="Icecave\Archer\Console\Command\UpdateCommandTest" file="/home/travis/build/IcecaveStudios/archer/test/suite/Console/Command/UpdateCommandTest.php" line="174" assertions="4" time="0.085339"/>
      <testcase name="testExecuteWithAuthorizeExistingToken" class="Icecave\Archer\Console\Command\UpdateCommandTest" file="/home/travis/build/IcecaveStudios/archer/test/suite/Console/Command/UpdateCommandTest.php" line="193" assertions="17" time="0.145774"/>
      <testcase name="testExecuteWithAuthorizeNewToken" class="Icecave\Archer\Console\Command\UpdateCommandTest" file="/home/travis/build/IcecaveStudios/archer/test/suite/Console/Command/UpdateCommandTest.php" line="236" assertions="19" time="0.155255"/>
      <testcase name="testExecuteWithAuthorizeInteractiveCredentials" class="Icecave\Archer\Console\Command\UpdateCommandTest" file="/home/travis/build/IcecaveStudios/archer/test/suite/Console/Command/UpdateCommandTest.php" line="296" assertions="17" time="0.145005"/>
      <testcase name="testExecuteWithAuthorizeFailureMultipleAuthorizations" class="Icecave\Archer\Console\Command\UpdateCommandTest" file="/home/travis/build/IcecaveStudios/archer/test/suite/Console/Command/UpdateCommandTest.php" line="347" assertions="2" time="0.071313"/>
      <testcase name="testExecuteWithAuthorizeFailureIncorrectScope" class="Icecave\Archer\Console\Command\UpdateCommandTest" file="/home/travis/build/IcecaveStudios/archer/test/suite/Console/Command/UpdateCommandTest.php" line="366" assertions="2" time="0.072806"/>
      <testcase name="testExecuteWithAuthorizeFailureParseError" class="Icecave\Archer\Console\Command\UpdateCommandTest" file="/home/travis/build/IcecaveStudios/archer/test/suite/Console/Command/UpdateCommandTest.php" line="382" assertions="2" time="0.070942"/>
      <testcase name="testExecuteWithAuthorizeFailureWoodhouseError" class="Icecave\Archer\Console\Command\UpdateCommandTest" file="/home/travis/build/IcecaveStudios/archer/test/suite/Console/Command/UpdateCommandTest.php" line="398" assertions="2" time="0.071549"/>
      <testcase name="testExecuteWithSuppliedToken" class="Icecave\Archer\Console\Command\UpdateCommandTest" file="/home/travis/build/IcecaveStudios/archer/test/suite/Console/Command/UpdateCommandTest.php" line="414" assertions="15" time="0.125826"/>
      <testcase name="testExecuteWithSuppliedTokenAndExistingKey" class="Icecave\Archer\Console\Command\UpdateCommandTest" file="/home/travis/build/IcecaveStudios/archer/test/suite/Console/Command/UpdateCommandTest.php" line="439" assertions="12" time="0.109170"/>
      <testcase name="testExecuteWithUpdatePublicKey" class="Icecave\Archer\Console\Command\UpdateCommandTest" file="/home/travis/build/IcecaveStudios/archer/test/suite/Console/Command/UpdateCommandTest.php" line="465" assertions="12" time="0.116548"/>
      <testcase name="testExecuteFailureUnsyncedRepo" class="Icecave\Archer\Console\Command\UpdateCommandTest" file="/home/travis/build/IcecaveStudios/archer/test/suite/Console/Command/UpdateCommandTest.php" line="487" assertions="2" time="0.094745"/>
      <testcase name="testExecuteWithInvalidToken" class="Icecave\Archer\Console\Command\UpdateCommandTest" file="/home/travis/build/IcecaveStudios/archer/test/suite/Console/Command/UpdateCommandTest.php" line="502" assertions="3" time="0.074154"/>
      <testcase name="testExecuteWithUpdatePublicKeyAndNoToken" class="Icecave\Archer\Console\Command\UpdateCommandTest" file="/home/travis/build/IcecaveStudios/archer/test/suite/Console/Command/UpdateCommandTest.php" line="516" assertions="3" time="0.071717"/>
    </testsuite>
    <testsuite name="Icecave\Archer\Console\Helper\HiddenInputHelperTest" file="/home/travis/build/IcecaveStudios/archer/test/suite/Console/Helper/HiddenInputHelperTest.php" tests="7" assertions="29" failures="0" errors="0" time="0.171425">
      <testcase name="testConstructor" class="Icecave\Archer\Console\Helper\HiddenInputHelperTest" file="/home/travis/build/IcecaveStudios/archer/test/suite/Console/Helper/HiddenInputHelperTest.php" line="34" assertions="2" time="0.007337"/>
      <testcase name="testConstructorDefaults" class="Icecave\Archer\Console\Helper\HiddenInputHelperTest" file="/home/travis/build/IcecaveStudios/archer/test/suite/Console/Helper/HiddenInputHelperTest.php" line="40" assertions="2" time="0.007457"/>
      <testcase name="testAskHiddenResponseStty" class="Icecave\Archer\Console\Helper\HiddenInputHelperTest" file="/home/travis/build/IcecaveStudios/archer/test/suite/Console/Helper/HiddenInputHelperTest.php" line="53" assertions="8" time="0.043481"/>
      <testcase name="testAskHiddenResponseSttyFailureFgets" class="Icecave\Archer\Console\Helper\HiddenInputHelperTest" file="/home/travis/build/IcecaveStudios/archer/test/suite/Console/Helper/HiddenInputHelperTest.php" line="82" assertions="7" time="0.050344"/>
      <testcase name="testAskHiddenResponseSttyFailureExecute" class="Icecave\Archer\Console\Helper\HiddenInputHelperTest" file="/home/travis/build/IcecaveStudios/archer/test/suite/Console/Helper/HiddenInputHelperTest.php" line="116" assertions="2" time="0.012289"/>
      <testcase name="testAskHiddenResponseWindows" class="Icecave\Archer\Console\Helper\HiddenInputHelperTest" file="/home/travis/build/IcecaveStudios/archer/test/suite/Console/Helper/HiddenInputHelperTest.php" line="134" assertions="6" time="0.034451"/>
      <testcase name="testAskHiddenResponseWindowsFailureExecute" class="Icecave\Archer\Console\Helper\HiddenInputHelperTest" file="/home/travis/build/IcecaveStudios/archer/test/suite/Console/Helper/HiddenInputHelperTest.php" line="156" assertions="2" time="0.016066"/>
    </testsuite>
    <testsuite name="Icecave\Archer\Coveralls\CoverallsClientTest" file="/home/travis/build/IcecaveStudios/archer/test/suite/Coveralls/CoverallsClientTest.php" tests="3" assertions="6" failures="0" errors="0" time="0.040079">
      <testcase name="testExists" class="Icecave\Archer\Coveralls\CoverallsClientTest" file="/home/travis/build/IcecaveStudios/archer/test/suite/Coveralls/CoverallsClientTest.php" line="23" assertions="2" time="0.013863"/>
      <testcase name="testExistsFailureHttpError" class="Icecave\Archer\Coveralls\CoverallsClientTest" file="/home/travis/build/IcecaveStudios/archer/test/suite/Coveralls/CoverallsClientTest.php" line="34" assertions="2" time="0.012037"/>
      <testcase name="testExistsFailureJsonError" class="Icecave\Archer\Coveralls\CoverallsClientTest" file="/home/travis/build/IcecaveStudios/archer/test/suite/Coveralls/CoverallsClientTest.php" line="45" assertions="2" time="0.014179"/>
    </testsuite>
    <testsuite name="Icecave\Archer\Documentation\DocumentationGeneratorTest" file="/home/travis/build/IcecaveStudios/archer/test/suite/Documentation/DocumentationGeneratorTest.php" tests="17" assertions="31" failures="0" errors="0" time="0.619893">
      <testcase name="testConstructor" class="Icecave\Archer\Documentation\DocumentationGeneratorTest" file="/home/travis/build/IcecaveStudios/archer/test/suite/Documentation/DocumentationGeneratorTest.php" line="54" assertions="2" time="0.054013"/>
      <testcase name="testConstructorDefaults" class="Icecave\Archer\Documentation\DocumentationGeneratorTest" file="/home/travis/build/IcecaveStudios/archer/test/suite/Documentation/DocumentationGeneratorTest.php" line="63" assertions="2" time="0.015848"/>
      <testcase name="testGenerate" class="Icecave\Archer\Documentation\DocumentationGeneratorTest" file="/home/travis/build/IcecaveStudios/archer/test/suite/Documentation/DocumentationGeneratorTest.php" line="77" assertions="4" time="0.060172"/>
      <testcase name="testGenerateDefaultPath" class="Icecave\Archer\Documentation\DocumentationGeneratorTest" file="/home/travis/build/IcecaveStudios/archer/test/suite/Documentation/DocumentationGeneratorTest.php" line="111" assertions="4" time="0.059748"/>
      <testcase name="testGenerateBuildDirNonExistant" class="Icecave\Archer\Documentation\DocumentationGeneratorTest" file="/home/travis/build/IcecaveStudios/archer/test/suite/Documentation/DocumentationGeneratorTest.php" line="145" assertions="4" time="0.058623"/>
      <testcase name="testSourcePath" class="Icecave\Archer\Documentation\DocumentationGeneratorTest" file="/home/travis/build/IcecaveStudios/archer/test/suite/Documentation/DocumentationGeneratorTest.php" line="179" assertions="1" time="0.021251"/>
      <testcase name="testProjectNameWithSingleNamespace" class="Icecave\Archer\Documentation\DocumentationGeneratorTest" file="/home/travis/build/IcecaveStudios/archer/test/suite/Documentation/DocumentationGeneratorTest.php" line="187" assertions="1" time="0.017458"/>
      <testcase name="testProjectNameFallback" class="Icecave\Archer\Documentation\DocumentationGeneratorTest" file="/home/travis/build/IcecaveStudios/archer/test/suite/Documentation/DocumentationGeneratorTest.php" line="200" assertions="1" time="0.016991"/>
      <testcase name="testOpenedLevelWithSingleNamespace" class="Icecave\Archer\Documentation\DocumentationGeneratorTest" file="/home/travis/build/IcecaveStudios/archer/test/suite/Documentation/DocumentationGeneratorTest.php" line="213" assertions="1" time="0.016814"/>
      <testcase name="testOpenedLevelFallback" class="Icecave\Archer\Documentation\DocumentationGeneratorTest" file="/home/travis/build/IcecaveStudios/archer/test/suite/Documentation/DocumentationGeneratorTest.php" line="226" assertions="1" time="0.016921"/>
      <testcase name="testOpenedLevelFallbackNoEntries" class="Icecave\Archer\Documentation\DocumentationGeneratorTest" file="/home/travis/build/IcecaveStudios/archer/test/suite/Documentation/DocumentationGeneratorTest.php" line="239" assertions="1" time="0.016881"/>
      <testcase name="testOpenedLevelFallbackNamespaceTooShort" class="Icecave\Archer\Documentation\DocumentationGeneratorTest" file="/home/travis/build/IcecaveStudios/archer/test/suite/Documentation/DocumentationGeneratorTest.php" line="252" assertions="1" time="0.016808"/>
      <testcase name="testProjectNameFailureUndefined" class="Icecave\Archer\Documentation\DocumentationGeneratorTest" file="/home/travis/build/IcecaveStudios/archer/test/suite/Documentation/DocumentationGeneratorTest.php" line="265" assertions="1" time="0.017220"/>
      <testcase name="testCreateFinder" class="Icecave\Archer\Documentation\DocumentationGeneratorTest" file="/home/travis/build/IcecaveStudios/archer/test/suite/Documentation/DocumentationGeneratorTest.php" line="273" assertions="1" time="0.094949"/>
      <testcase name="testCreateSami" class="Icecave\Archer\Documentation\DocumentationGeneratorTest" file="/home/travis/build/IcecaveStudios/archer/test/suite/Documentation/DocumentationGeneratorTest.php" line="281" assertions="1" time="0.061954"/>
      <testcase name="testPopErrorHandlers" class="Icecave\Archer\Documentation\DocumentationGeneratorTest" file="/home/travis/build/IcecaveStudios/archer/test/suite/Documentation/DocumentationGeneratorTest.php" line="290" assertions="3" time="0.048015"/>
      <testcase name="testPushErrorHandlers" class="Icecave\Archer\Documentation\DocumentationGeneratorTest" file="/home/travis/build/IcecaveStudios/archer/test/suite/Documentation/DocumentationGeneratorTest.php" line="323" assertions="2" time="0.026227"/>
    </testsuite>
    <testsuite name="Icecave\Archer\FileSystem\Exception\ReadExceptionTest" file="/home/travis/build/IcecaveStudios/archer/test/suite/FileSystem/Exception/ReadExceptionTest.php" tests="1" assertions="4" failures="0" errors="0" time="0.004804">
      <testcase name="testException" class="Icecave\Archer\FileSystem\Exception\ReadExceptionTest" file="/home/travis/build/IcecaveStudios/archer/test/suite/FileSystem/Exception/ReadExceptionTest.php" line="9" assertions="4" time="0.004804"/>
    </testsuite>
    <testsuite name="Icecave\Archer\FileSystem\Exception\WriteExceptionTest" file="/home/travis/build/IcecaveStudios/archer/test/suite/FileSystem/Exception/WriteExceptionTest.php" tests="1" assertions="4" failures="0" errors="0" time="0.005477">
      <testcase name="testException" class="Icecave\Archer\FileSystem\Exception\WriteExceptionTest" file="/home/travis/build/IcecaveStudios/archer/test/suite/FileSystem/Exception/WriteExceptionTest.php" line="9" assertions="4" time="0.005477"/>
    </testsuite>
    <testsuite name="Icecave\Archer\FileSystem\FileSystemTest" file="/home/travis/build/IcecaveStudios/archer/test/suite/FileSystem/FileSystemTest.php" tests="30" assertions="68" failures="0" errors="0" time="0.465457">
      <testcase name="testExists" class="Icecave\Archer\FileSystem\FileSystemTest" file="/home/travis/build/IcecaveStudios/archer/test/suite/FileSystem/FileSystemTest.php" line="17" assertions="4" time="0.015445"/>
      <testcase name="testExistsFailure" class="Icecave\Archer\FileSystem\FileSystemTest" file="/home/travis/build/IcecaveStudios/archer/test/suite/FileSystem/FileSystemTest.php" line="33" assertions="1" time="0.008666"/>
      <testcase name="testFileExists" class="Icecave\Archer\FileSystem\FileSystemTest" file="/home/travis/build/IcecaveStudios/archer/test/suite/FileSystem/FileSystemTest.php" line="46" assertions="4" time="0.015216"/>
      <testcase name="testFileExistsFailure" class="Icecave\Archer\FileSystem\FileSystemTest" file="/home/travis/build/IcecaveStudios/archer/test/suite/FileSystem/FileSystemTest.php" line="62" assertions="1" time="0.008642"/>
      <testcase name="testDirectoryExists" class="Icecave\Archer\FileSystem\FileSystemTest" file="/home/travis/build/IcecaveStudios/archer/test/suite/FileSystem/FileSystemTest.php" line="75" assertions="4" time="0.015395"/>
      <testcase name="testDirectoryExistsFailure" class="Icecave\Archer\FileSystem\FileSystemTest" file="/home/travis/build/IcecaveStudios/archer/test/suite/FileSystem/FileSystemTest.php" line="91" assertions="1" time="0.008663"/>
      <testcase name="testRead" class="Icecave\Archer\FileSystem\FileSystemTest" file="/home/travis/build/IcecaveStudios/archer/test/suite/FileSystem/FileSystemTest.php" line="104" assertions="2" time="0.009479"/>
      <testcase name="testReadFailure" class="Icecave\Archer\FileSystem\FileSystemTest" file="/home/travis/build/IcecaveStudios/archer/test/suite/FileSystem/FileSystemTest.php" line="115" assertions="1" time="0.008610"/>
      <testcase name="testListPaths" class="Icecave\Archer\FileSystem\FileSystemTest" file="/home/travis/build/IcecaveStudios/archer/test/suite/FileSystem/FileSystemTest.php" line="128" assertions="2" time="0.009118"/>
      <testcase name="testListPathsFailure" class="Icecave\Archer\FileSystem\FileSystemTest" file="/home/travis/build/IcecaveStudios/archer/test/suite/FileSystem/FileSystemTest.php" line="139" assertions="1" time="0.008315"/>
      <testcase name="testWrite" class="Icecave\Archer\FileSystem\FileSystemTest" file="/home/travis/build/IcecaveStudios/archer/test/suite/FileSystem/FileSystemTest.php" line="152" assertions="4" time="0.023019"/>
      <testcase name="testWriteCreateParentDirectory" class="Icecave\Archer\FileSystem\FileSystemTest" file="/home/travis/build/IcecaveStudios/archer/test/suite/FileSystem/FileSystemTest.php" line="172" assertions="4" time="0.028121"/>
      <testcase name="testWriteFailure" class="Icecave\Archer\FileSystem\FileSystemTest" file="/home/travis/build/IcecaveStudios/archer/test/suite/FileSystem/FileSystemTest.php" line="192" assertions="1" time="0.012108"/>
      <testcase name="testWriteFailureDirname" class="Icecave\Archer\FileSystem\FileSystemTest" file="/home/travis/build/IcecaveStudios/archer/test/suite/FileSystem/FileSystemTest.php" line="213" assertions="1" time="0.010514"/>
      <testcase name="testCopy" class="Icecave\Archer\FileSystem\FileSystemTest" file="/home/travis/build/IcecaveStudios/archer/test/suite/FileSystem/FileSystemTest.php" line="226" assertions="4" time="0.023894"/>
      <testcase name="testCopyCreateParentDirectory" class="Icecave\Archer\FileSystem\FileSystemTest" file="/home/travis/build/IcecaveStudios/archer/test/suite/FileSystem/FileSystemTest.php" line="246" assertions="4" time="0.028487"/>
      <testcase name="testCopyFailure" class="Icecave\Archer\FileSystem\FileSystemTest" file="/home/travis/build/IcecaveStudios/archer/test/suite/FileSystem/FileSystemTest.php" line="266" assertions="1" time="0.012141"/>
      <testcase name="testCopyFailureDirname" class="Icecave\Archer\FileSystem\FileSystemTest" file="/home/travis/build/IcecaveStudios/archer/test/suite/FileSystem/FileSystemTest.php" line="287" assertions="1" time="0.008464"/>
      <testcase name="testMove" class="Icecave\Archer\FileSystem\FileSystemTest" file="/home/travis/build/IcecaveStudios/archer/test/suite/FileSystem/FileSystemTest.php" line="300" assertions="4" time="0.023949"/>
      <testcase name="testMoveCreateParentDirectory" class="Icecave\Archer\FileSystem\FileSystemTest" file="/home/travis/build/IcecaveStudios/archer/test/suite/FileSystem/FileSystemTest.php" line="320" assertions="4" time="0.028928"/>
      <testcase name="testMoveFailure" class="Icecave\Archer\FileSystem\FileSystemTest" file="/home/travis/build/IcecaveStudios/archer/test/suite/FileSystem/FileSystemTest.php" line="340" assertions="1" time="0.012146"/>
      <testcase name="testMoveFailureDirname" class="Icecave\Archer\FileSystem\FileSystemTest" file="/home/travis/build/IcecaveStudios/archer/test/suite/FileSystem/FileSystemTest.php" line="361" assertions="1" time="0.008672"/>
      <testcase name="testCreateDirectory" class="Icecave\Archer\FileSystem\FileSystemTest" file="/home/travis/build/IcecaveStudios/archer/test/suite/FileSystem/FileSystemTest.php" line="374" assertions="1" time="0.008956"/>
      <testcase name="testCreateDirectoryFailure" class="Icecave\Archer\FileSystem\FileSystemTest" file="/home/travis/build/IcecaveStudios/archer/test/suite/FileSystem/FileSystemTest.php" line="381" assertions="1" time="0.008583"/>
      <testcase name="testChmod" class="Icecave\Archer\FileSystem\FileSystemTest" file="/home/travis/build/IcecaveStudios/archer/test/suite/FileSystem/FileSystemTest.php" line="394" assertions="1" time="0.008624"/>
      <testcase name="testChmodFailure" class="Icecave\Archer\FileSystem\FileSystemTest" file="/home/travis/build/IcecaveStudios/archer/test/suite/FileSystem/FileSystemTest.php" line="401" assertions="1" time="0.008635"/>
      <testcase name="testDeleteFile" class="Icecave\Archer\FileSystem\FileSystemTest" file="/home/travis/build/IcecaveStudios/archer/test/suite/FileSystem/FileSystemTest.php" line="414" assertions="3" time="0.016632"/>
      <testcase name="testDeleteFileFailure" class="Icecave\Archer\FileSystem\FileSystemTest" file="/home/travis/build/IcecaveStudios/archer/test/suite/FileSystem/FileSystemTest.php" line="429" assertions="1" time="0.010299"/>
      <testcase name="testDeleteDirectory" class="Icecave\Archer\FileSystem\FileSystemTest" file="/home/travis/build/IcecaveStudios/archer/test/suite/FileSystem/FileSystemTest.php" line="446" assertions="8" time="0.063542"/>
      <testcase name="testDeleteDirectoryFailure" class="Icecave\Archer\FileSystem\FileSystemTest" file="/home/travis/build/IcecaveStudios/archer/test/suite/FileSystem/FileSystemTest.php" line="471" assertions="1" time="0.012193"/>
    </testsuite>
    <testsuite name="Icecave\Archer\Git\GitConfigReaderFactoryTest" file="/home/travis/build/IcecaveStudios/archer/test/suite/Git/GitConfigReaderFactoryTest.php" tests="1" assertions="1" failures="0" errors="0" time="0.007653">
      <testcase name="testCreate" class="Icecave\Archer\Git\GitConfigReaderFactoryTest" file="/home/travis/build/IcecaveStudios/archer/test/suite/Git/GitConfigReaderFactoryTest.php" line="15" assertions="1" time="0.007653"/>
    </testsuite>
    <testsuite name="Icecave\Archer\Git\GitConfigReaderTest" file="/home/travis/build/IcecaveStudios/archer/test/suite/Git/GitConfigReaderTest.php" tests="10" assertions="17" failures="0" errors="0" time="0.124869">
      <testcase name="testConstructor" class="Icecave\Archer\Git\GitConfigReaderTest" file="/home/travis/build/IcecaveStudios/archer/test/suite/Git/GitConfigReaderTest.php" line="58" assertions="2" time="0.008343"/>
      <testcase name="testConstructorDefaults" class="Icecave\Archer\Git\GitConfigReaderTest" file="/home/travis/build/IcecaveStudios/archer/test/suite/Git/GitConfigReaderTest.php" line="64" assertions="1" time="0.008027"/>
      <testcase name="testIsGitHubRepository" class="Icecave\Archer\Git\GitConfigReaderTest" file="/home/travis/build/IcecaveStudios/archer/test/suite/Git/GitConfigReaderTest.php" line="76" assertions="1" time="0.012966"/>
      <testcase name="testIsGitHubRepositoryNonGitHubURL" class="Icecave\Archer\Git\GitConfigReaderTest" file="/home/travis/build/IcecaveStudios/archer/test/suite/Git/GitConfigReaderTest.php" line="81" assertions="1" time="0.013476"/>
      <testcase name="testGet" class="Icecave\Archer\Git\GitConfigReaderTest" file="/home/travis/build/IcecaveStudios/archer/test/suite/Git/GitConfigReaderTest.php" line="95" assertions="4" time="0.014469"/>
      <testcase name="testRepositoryOwner" class="Icecave\Archer\Git\GitConfigReaderTest" file="/home/travis/build/IcecaveStudios/archer/test/suite/Git/GitConfigReaderTest.php" line="103" assertions="1" time="0.012831"/>
      <testcase name="testRepositoryOwnerFailure" class="Icecave\Archer\Git\GitConfigReaderTest" file="/home/travis/build/IcecaveStudios/archer/test/suite/Git/GitConfigReaderTest.php" line="108" assertions="2" time="0.014134"/>
      <testcase name="testRepositoryName" class="Icecave\Archer\Git\GitConfigReaderTest" file="/home/travis/build/IcecaveStudios/archer/test/suite/Git/GitConfigReaderTest.php" line="126" assertions="1" time="0.012698"/>
      <testcase name="testRepositoryNameFailure" class="Icecave\Archer\Git\GitConfigReaderTest" file="/home/travis/build/IcecaveStudios/archer/test/suite/Git/GitConfigReaderTest.php" line="131" assertions="2" time="0.013911"/>
      <testcase name="testParseFailure" class="Icecave\Archer\Git\GitConfigReaderTest" file="/home/travis/build/IcecaveStudios/archer/test/suite/Git/GitConfigReaderTest.php" line="149" assertions="2" time="0.014014"/>
    </testsuite>
    <testsuite name="Icecave\Archer\Git\GitDotFilesManagerTest" file="/home/travis/build/IcecaveStudios/archer/test/suite/Git/GitDotFilesManagerTest.php" tests="7" assertions="28" failures="0" errors="0" time="0.171877">
      <testcase name="testConstructor" class="Icecave\Archer\Git\GitDotFilesManagerTest" file="/home/travis/build/IcecaveStudios/archer/test/suite/Git/GitDotFilesManagerTest.php" line="32" assertions="1" time="0.007310"/>
      <testcase name="testConstructorDefaults" class="Icecave\Archer\Git\GitDotFilesManagerTest" file="/home/travis/build/IcecaveStudios/archer/test/suite/Git/GitDotFilesManagerTest.php" line="37" assertions="1" time="0.007596"/>
      <testcase name="testUpdateDotFiles" class="Icecave\Archer\Git\GitDotFilesManagerTest" file="/home/travis/build/IcecaveStudios/archer/test/suite/Git/GitDotFilesManagerTest.php" line="47" assertions="7" time="0.036125"/>
      <testcase name="testUpdateDotFilesAppend" class="Icecave\Archer\Git\GitDotFilesManagerTest" file="/home/travis/build/IcecaveStudios/archer/test/suite/Git/GitDotFilesManagerTest.php" line="76" assertions="5" time="0.030085"/>
      <testcase name="testUpdateDotFilesReplace" class="Icecave\Archer\Git\GitDotFilesManagerTest" file="/home/travis/build/IcecaveStudios/archer/test/suite/Git/GitDotFilesManagerTest.php" line="109" assertions="5" time="0.030540"/>
      <testcase name="testUpdateDotFilesNoChange" class="Icecave\Archer\Git\GitDotFilesManagerTest" file="/home/travis/build/IcecaveStudios/archer/test/suite/Git/GitDotFilesManagerTest.php" line="149" assertions="4" time="0.029719"/>
      <testcase name="testUpdateDotFilesMissingTags" class="Icecave\Archer\Git\GitDotFilesManagerTest" file="/home/travis/build/IcecaveStudios/archer/test/suite/Git/GitDotFilesManagerTest.php" line="182" assertions="5" time="0.030502"/>
    </testsuite>
    <testsuite name="Icecave\Archer\GitHub\GitHubClientTest" file="/home/travis/build/IcecaveStudios/archer/test/suite/GitHub/GitHubClientTest.php" tests="10" assertions="26" failures="0" errors="0" time="0.125659">
      <testcase name="testValidateToken" class="Icecave\Archer\GitHub\GitHubClientTest" file="/home/travis/build/IcecaveStudios/archer/test/suite/GitHub/GitHubClientTest.php" line="18" assertions="5" time="0.007654"/>
      <testcase name="testDefaultBranch" class="Icecave\Archer\GitHub\GitHubClientTest" file="/home/travis/build/IcecaveStudios/archer/test/suite/GitHub/GitHubClientTest.php" line="35" assertions="2" time="0.011919"/>
      <testcase name="testDefaultBranchUsingMasterBranch" class="Icecave\Archer\GitHub\GitHubClientTest" file="/home/travis/build/IcecaveStudios/archer/test/suite/GitHub/GitHubClientTest.php" line="50" assertions="2" time="0.011930"/>
      <testcase name="testDefaultBranchFallback" class="Icecave\Archer\GitHub\GitHubClientTest" file="/home/travis/build/IcecaveStudios/archer/test/suite/GitHub/GitHubClientTest.php" line="64" assertions="2" time="0.012089"/>
      <testcase name="testSetAuthToken" class="Icecave\Archer\GitHub\GitHubClientTest" file="/home/travis/build/IcecaveStudios/archer/test/suite/GitHub/GitHubClientTest.php" line="75" assertions="2" time="0.009375"/>
      <testcase name="testSetAuthTokenFailure" class="Icecave\Archer\GitHub\GitHubClientTest" file="/home/travis/build/IcecaveStudios/archer/test/suite/GitHub/GitHubClientTest.php" line="86" assertions="3" time="0.008856"/>
      <testcase name="testSetUserAgent" class="Icecave\Archer\GitHub\GitHubClientTest" file="/home/travis/build/IcecaveStudios/archer/test/suite/GitHub/GitHubClientTest.php" line="94" assertions="2" time="0.009059"/>
      <testcase name="testApiGet" class="Icecave\Archer\GitHub\GitHubClientTest" file="/home/travis/build/IcecaveStudios/archer/test/suite/GitHub/GitHubClientTest.php" line="103" assertions="2" time="0.014086"/>
      <testcase name="testApiGetWithUserAgent" class="Icecave\Archer\GitHub\GitHubClientTest" file="/home/travis/build/IcecaveStudios/archer/test/suite/GitHub/GitHubClientTest.php" line="119" assertions="3" time="0.020400"/>
      <testcase name="testApiGetWithAuthToken" class="Icecave\Archer\GitHub\GitHubClientTest" file="/home/travis/build/IcecaveStudios/archer/test/suite/GitHub/GitHubClientTest.php" line="148" assertions="3" time="0.020291"/>
    </testsuite>
    <testsuite name="Icecave\Archer\Process\PHPUnitExecutableFinderTest" file="/home/travis/build/IcecaveStudios/archer/test/suite/Process/PHPUnitExecutableFinderTest.php" tests="6" assertions="14" failures="0" errors="0" time="0.072377">
      <testcase name="testConstructor" class="Icecave\Archer\Process\PHPUnitExecutableFinderTest" file="/home/travis/build/IcecaveStudios/archer/test/suite/Process/PHPUnitExecutableFinderTest.php" line="30" assertions="2" time="0.009461"/>
      <testcase name="testConstructorDefaults" class="Icecave\Archer\Process\PHPUnitExecutableFinderTest" file="/home/travis/build/IcecaveStudios/archer/test/suite/Process/PHPUnitExecutableFinderTest.php" line="36" assertions="2" time="0.007248"/>
      <testcase name="testFindGeneric" class="Icecave\Archer\Process\PHPUnitExecutableFinderTest" file="/home/travis/build/IcecaveStudios/archer/test/suite/Process/PHPUnitExecutableFinderTest.php" line="50" assertions="2" time="0.010523"/>
      <testcase name="testFindGenericFailure" class="Icecave\Archer\Process\PHPUnitExecutableFinderTest" file="/home/travis/build/IcecaveStudios/archer/test/suite/Process/PHPUnitExecutableFinderTest.php" line="65" assertions="2" time="0.009386"/>
      <testcase name="testFindTravis" class="Icecave\Archer\Process\PHPUnitExecutableFinderTest" file="/home/travis/build/IcecaveStudios/archer/test/suite/Process/PHPUnitExecutableFinderTest.php" line="84" assertions="4" time="0.020899"/>
      <testcase name="testFindTravisFailure" class="Icecave\Archer\Process\PHPUnitExecutableFinderTest" file="/home/travis/build/IcecaveStudios/archer/test/suite/Process/PHPUnitExecutableFinderTest.php" line="112" assertions="2" time="0.014860"/>
    </testsuite>
    <testsuite name="Icecave\Archer\Process\ProcessFactoryTest" file="/home/travis/build/IcecaveStudios/archer/test/suite/Process/ProcessFactoryTest.php" tests="1" assertions="2" failures="0" errors="0" time="0.060142">
      <testcase name="testFactory" class="Icecave\Archer\Process\ProcessFactoryTest" file="/home/travis/build/IcecaveStudios/archer/test/suite/Process/ProcessFactoryTest.php" line="16" assertions="2" time="0.060142"/>
    </testsuite>
    <testsuite name="Icecave\Archer\Support\AsplodeTest" file="/home/travis/build/IcecaveStudios/archer/test/suite/Support/AsplodeTest.php" tests="8" assertions="14" failures="0" errors="0" time="0.070780">
      <testcase name="testInstance" class="Icecave\Archer\Support\AsplodeTest" file="/home/travis/build/IcecaveStudios/archer/test/suite/Support/AsplodeTest.php" line="20" assertions="1" time="0.006921"/>
      <testcase name="testInstall" class="Icecave\Archer\Support\AsplodeTest" file="/home/travis/build/IcecaveStudios/archer/test/suite/Support/AsplodeTest.php" line="25" assertions="1" time="0.011163"/>
      <testcase name="testInstallFailureAlreadyInstalled" class="Icecave\Archer\Support\AsplodeTest" file="/home/travis/build/IcecaveStudios/archer/test/suite/Support/AsplodeTest.php" line="32" assertions="2" time="0.009237"/>
      <testcase name="testInstallFailureMisconfigured" class="Icecave\Archer\Support\AsplodeTest" file="/home/travis/build/IcecaveStudios/archer/test/suite/Support/AsplodeTest.php" line="40" assertions="2" time="0.008386"/>
      <testcase name="testUninstall" class="Icecave\Archer\Support\AsplodeTest" file="/home/travis/build/IcecaveStudios/archer/test/suite/Support/AsplodeTest.php" line="48" assertions="1" time="0.012773"/>
      <testcase name="testUninstallFailure" class="Icecave\Archer\Support\AsplodeTest" file="/home/travis/build/IcecaveStudios/archer/test/suite/Support/AsplodeTest.php" line="56" assertions="2" time="0.006472"/>
      <testcase name="testHandleError" class="Icecave\Archer\Support\AsplodeTest" file="/home/travis/build/IcecaveStudios/archer/test/suite/Support/AsplodeTest.php" line="62" assertions="4" time="0.008106"/>
      <testcase name="testHandleErrorIgnored" class="Icecave\Archer\Support\AsplodeTest" file="/home/travis/build/IcecaveStudios/archer/test/suite/Support/AsplodeTest.php" line="75" assertions="1" time="0.007722"/>
    </testsuite>
    <testsuite name="Icecave\Archer\Support\IsolatorTest" file="/home/travis/build/IcecaveStudios/archer/test/suite/Support/IsolatorTest.php" tests="9" assertions="15" failures="0" errors="0" time="0.038433">
      <testcase name="testGet" class="Icecave\Archer\Support\IsolatorTest" file="/home/travis/build/IcecaveStudios/archer/test/suite/Support/IsolatorTest.php" line="13" assertions="3" time="0.004444"/>
      <testcase name="testClassName" class="Icecave\Archer\Support\IsolatorTest" file="/home/travis/build/IcecaveStudios/archer/test/suite/Support/IsolatorTest.php" line="24" assertions="1" time="0.003808"/>
      <testcase name="testCall" class="Icecave\Archer\Support\IsolatorTest" file="/home/travis/build/IcecaveStudios/archer/test/suite/Support/IsolatorTest.php" line="31" assertions="1" time="0.003675"/>
      <testcase name="testEcho" class="Icecave\Archer\Support\IsolatorTest" file="/home/travis/build/IcecaveStudios/archer/test/suite/Support/IsolatorTest.php" line="37" assertions="1" time="0.004469"/>
      <testcase name="testEval" class="Icecave\Archer\Support\IsolatorTest" file="/home/travis/build/IcecaveStudios/archer/test/suite/Support/IsolatorTest.php" line="44" assertions="1" time="0.003884"/>
      <testcase name="testInclude" class="Icecave\Archer\Support\IsolatorTest" file="/home/travis/build/IcecaveStudios/archer/test/suite/Support/IsolatorTest.php" line="50" assertions="2" time="0.004661"/>
      <testcase name="testIncludeOnce" class="Icecave\Archer\Support\IsolatorTest" file="/home/travis/build/IcecaveStudios/archer/test/suite/Support/IsolatorTest.php" line="59" assertions="2" time="0.004552"/>
      <testcase name="testRequire" class="Icecave\Archer\Support\IsolatorTest" file="/home/travis/build/IcecaveStudios/archer/test/suite/Support/IsolatorTest.php" line="68" assertions="2" time="0.004435"/>
      <testcase name="testRequireOnce" class="Icecave\Archer\Support\IsolatorTest" file="/home/travis/build/IcecaveStudios/archer/test/suite/Support/IsolatorTest.php" line="77" assertions="2" time="0.004505"/>
    </testsuite>
    <testsuite name="Icecave\Archer\Support\Liftoff\Exception\LaunchExceptionTest" file="/home/travis/build/IcecaveStudios/archer/test/suite/Support/Liftoff/Exception/LaunchExceptionTest.php" tests="1" assertions="4" failures="0" errors="0" time="0.005592">
      <testcase name="testException" class="Icecave\Archer\Support\Liftoff\Exception\LaunchExceptionTest" file="/home/travis/build/IcecaveStudios/archer/test/suite/Support/Liftoff/Exception/LaunchExceptionTest.php" line="19" assertions="4" time="0.005592"/>
    </testsuite>
    <testsuite name="Icecave\Archer\Support\Liftoff\LauncherTest" file="/home/travis/build/IcecaveStudios/archer/test/suite/Support/Liftoff/LauncherTest.php" tests="7" assertions="32" failures="0" errors="0" time="0.278713">
      <testsuite name="Icecave\Archer\Support\Liftoff\LauncherTest::testLaunch" tests="6" assertions="30" failures="0" errors="0" time="0.269295">
        <testcase name="testLaunch with data set &quot;OSX&quot;" assertions="5" time="0.044053"/>
        <testcase name="testLaunch with data set &quot;OSX with arguments&quot;" assertions="5" time="0.044787"/>
        <testcase name="testLaunch with data set &quot;Windows&quot;" assertions="5" time="0.045040"/>
        <testcase name="testLaunch with data set &quot;Windows with arguments&quot;" assertions="5" time="0.044887"/>
        <testcase name="testLaunch with data set &quot;Unix&quot;" assertions="5" time="0.045525"/>
        <testcase name="testLaunch with data set &quot;Unix with arguments&quot;" assertions="5" time="0.045003"/>
      </testsuite>
      <testcase name="testLaunchFailure" class="Icecave\Archer\Support\Liftoff\LauncherTest" file="/home/travis/build/IcecaveStudios/archer/test/suite/Support/Liftoff/LauncherTest.php" line="70" assertions="2" time="0.009418"/>
    </testsuite>
    <testsuite name="Icecave\Archer\Travis\TravisClientTest" file="/home/travis/build/IcecaveStudios/archer/test/suite/Travis/TravisClientTest.php" tests="6" assertions="10" failures="0" errors="0" time="0.059054">
      <testcase name="testConstructor" class="Icecave\Archer\Travis\TravisClientTest" file="/home/travis/build/IcecaveStudios/archer/test/suite/Travis/TravisClientTest.php" line="21" assertions="1" time="0.006024"/>
      <testcase name="testConstructorDefaults" class="Icecave\Archer\Travis\TravisClientTest" file="/home/travis/build/IcecaveStudios/archer/test/suite/Travis/TravisClientTest.php" line="26" assertions="1" time="0.006300"/>
      <testcase name="testPublicKey" class="Icecave\Archer\Travis\TravisClientTest" file="/home/travis/build/IcecaveStudios/archer/test/suite/Travis/TravisClientTest.php" line="36" assertions="2" time="0.010105"/>
      <testcase name="testEncryptEnvironment" class="Icecave\Archer\Travis\TravisClientTest" file="/home/travis/build/IcecaveStudios/archer/test/suite/Travis/TravisClientTest.php" line="49" assertions="2" time="0.013485"/>
      <testcase name="testEncrypt" class="Icecave\Archer\Travis\TravisClientTest" file="/home/travis/build/IcecaveStudios/archer/test/suite/Travis/TravisClientTest.php" line="70" assertions="2" time="0.014541"/>
      <testcase name="testEncryptFailure" class="Icecave\Archer\Travis\TravisClientTest" file="/home/travis/build/IcecaveStudios/archer/test/suite/Travis/TravisClientTest.php" line="91" assertions="2" time="0.008599"/>
    </testsuite>
    <testsuite name="Icecave\Archer\Travis\TravisConfigManagerTest" file="/home/travis/build/IcecaveStudios/archer/test/suite/Travis/TravisConfigManagerTest.php" tests="20" assertions="62" failures="0" errors="0" time="0.498391">
      <testcase name="testConstructor" class="Icecave\Archer\Travis\TravisConfigManagerTest" file="/home/travis/build/IcecaveStudios/archer/test/suite/Travis/TravisConfigManagerTest.php" line="38" assertions="3" time="0.010217"/>
      <testcase name="testConstructorDefaults" class="Icecave\Archer\Travis\TravisConfigManagerTest" file="/home/travis/build/IcecaveStudios/archer/test/suite/Travis/TravisConfigManagerTest.php" line="45" assertions="3" time="0.011062"/>
      <testcase name="testPublicKeyCache" class="Icecave\Archer\Travis\TravisConfigManagerTest" file="/home/travis/build/IcecaveStudios/archer/test/suite/Travis/TravisConfigManagerTest.php" line="63" assertions="2" time="0.013835"/>
      <testcase name="testPublicKeyCacheExists" class="Icecave\Archer\Travis\TravisConfigManagerTest" file="/home/travis/build/IcecaveStudios/archer/test/suite/Travis/TravisConfigManagerTest.php" line="74" assertions="3" time="0.018878"/>
      <testcase name="testSetPublicKeyCache" class="Icecave\Archer\Travis\TravisConfigManagerTest" file="/home/travis/build/IcecaveStudios/archer/test/suite/Travis/TravisConfigManagerTest.php" line="92" assertions="3" time="0.017923"/>
      <testcase name="testSetPublicKeyCacheSame" class="Icecave\Archer\Travis\TravisConfigManagerTest" file="/home/travis/build/IcecaveStudios/archer/test/suite/Travis/TravisConfigManagerTest.php" line="106" assertions="4" time="0.021019"/>
      <testcase name="testSetPublicKeyCacheDelete" class="Icecave\Archer\Travis\TravisConfigManagerTest" file="/home/travis/build/IcecaveStudios/archer/test/suite/Travis/TravisConfigManagerTest.php" line="126" assertions="4" time="0.028214"/>
      <testcase name="testSecureEnvironmentCache" class="Icecave\Archer\Travis\TravisConfigManagerTest" file="/home/travis/build/IcecaveStudios/archer/test/suite/Travis/TravisConfigManagerTest.php" line="145" assertions="2" time="0.019904"/>
      <testcase name="testSecureEnvironmentCacheExists" class="Icecave\Archer\Travis\TravisConfigManagerTest" file="/home/travis/build/IcecaveStudios/archer/test/suite/Travis/TravisConfigManagerTest.php" line="156" assertions="3" time="0.025962"/>
      <testcase name="testSetSecureEnvironmentCache" class="Icecave\Archer\Travis\TravisConfigManagerTest" file="/home/travis/build/IcecaveStudios/archer/test/suite/Travis/TravisConfigManagerTest.php" line="174" assertions="3" time="0.024894"/>
      <testcase name="testSetSecureEnvironmentCacheSame" class="Icecave\Archer\Travis\TravisConfigManagerTest" file="/home/travis/build/IcecaveStudios/archer/test/suite/Travis/TravisConfigManagerTest.php" line="188" assertions="4" time="0.029017"/>
      <testcase name="testSetSecureEnvironmentCacheDelete" class="Icecave\Archer\Travis\TravisConfigManagerTest" file="/home/travis/build/IcecaveStudios/archer/test/suite/Travis/TravisConfigManagerTest.php" line="208" assertions="4" time="0.031380"/>
      <testcase name="testUpdateConfig" class="Icecave\Archer\Travis\TravisConfigManagerTest" file="/home/travis/build/IcecaveStudios/archer/test/suite/Travis/TravisConfigManagerTest.php" line="227" assertions="6" time="0.049758"/>
      <testcase name="testUpdateConfigWithOAuth" class="Icecave\Archer\Travis\TravisConfigManagerTest" file="/home/travis/build/IcecaveStudios/archer/test/suite/Travis/TravisConfigManagerTest.php" line="246" assertions="6" time="0.040610"/>
      <testcase name="testUpdateConfigPhpVersionConstraint" class="Icecave\Archer\Travis\TravisConfigManagerTest" file="/home/travis/build/IcecaveStudios/archer/test/suite/Travis/TravisConfigManagerTest.php" line="273" assertions="2" time="0.024225"/>
      <testcase name="testUpdateConfigPhpVersionConstraintWithPatchVersion" class="Icecave\Archer\Travis\TravisConfigManagerTest" file="/home/travis/build/IcecaveStudios/archer/test/suite/Travis/TravisConfigManagerTest.php" line="291" assertions="2" time="0.028527"/>
      <testcase name="testUpdateConfigPhpVersionConstraintNoMatches" class="Icecave\Archer\Travis\TravisConfigManagerTest" file="/home/travis/build/IcecaveStudios/archer/test/suite/Travis/TravisConfigManagerTest.php" line="305" assertions="2" time="0.028729"/>
      <testsuite name="Icecave\Archer\Travis\TravisConfigManagerTest::testUpdateConfigPhpPublishVersion" tests="3" assertions="6" failures="0" errors="0" time="0.074237">
        <testcase name="testUpdateConfigPhpPublishVersion with data set #0" assertions="2" time="0.024036"/>
        <testcase name="testUpdateConfigPhpPublishVersion with data set #1" assertions="2" time="0.023986"/>
        <testcase name="testUpdateConfigPhpPublishVersion with data set #2" assertions="2" time="0.026215"/>
      </testsuite>
    </testsuite>
  </testsuite>
</testsuites>
